2025-10-31 18:53:39 [[31merror[39m]: Environment contains redacted placeholders for: SMTP_PASS, STRIPE_SECRET_KEY. Replace with real values.
2025-10-31 18:53:39 [[31merror[39m]: Error: Environment contains redacted placeholders for: SMTP_PASS, STRIPE_SECRET_KEY. Replace with real values.
    at validateEnv (C:\FidiMyProjects2025\Software_Projects\AccuBooks\AccuBooks\backend\src\envValidator.js:88:11)
    at Object.<anonymous> (C:\FidiMyProjects2025\Software_Projects\AccuBooks\AccuBooks\backend\src\index.js:5:3)
    at Module._compile (node:internal/modules/cjs/loader:1521:14)
    at Module._extensions..js (node:internal/modules/cjs/loader:1623:10)
    at Module.load (node:internal/modules/cjs/loader:1266:32)
    at Module._load (node:internal/modules/cjs/loader:1091:12)
    at Function.executeUserEntryPoint [as runMain] (node:internal/modules/run_main:164:12)
    at node:internal/main/run_main_module:28:49
2025-10-31 18:54:08 [[31merror[39m]: Environment validation failed:
2025-10-31 18:54:08 [[31merror[39m]:  - "REDIS_URL" is required
2025-10-31 18:54:08 [[31merror[39m]:  - "JWT_SECRET" length must be at least 32 characters long
2025-10-31 18:54:08 [[31merror[39m]:  - "JWT_REFRESH_SECRET" is required
2025-10-31 18:54:08 [[31merror[39m]:  - "SESSION_SECRET" is required
2025-10-31 18:54:08 [[31merror[39m]:  - "MAIL_FROM" is required
2025-10-31 18:54:08 [[31merror[39m]:  - "STRIPE_SECRET_KEY" with value "your-stripe-secret-key" fails to match the required pattern: /^sk_/
2025-10-31 18:54:08 [[31merror[39m]:  - "STRIPE_PUBLISHABLE_KEY" with value "your-stripe-publishable-key" fails to match the required pattern: /^pk_/
2025-10-31 18:54:08 [[31merror[39m]:  - "STRIPE_WEBHOOK_SECRET" is required
2025-10-31 18:54:08 [[31merror[39m]:  - "ADMIN_URL" is required
2025-10-31 18:54:08 [[31merror[39m]:  - "API_URL" is required
2025-10-31 18:54:08 [[31merror[39m]:  - "DOCS_URL" is required
2025-10-31 18:54:08 [[31merror[39m]: Error: Environment validation failed
    at validateEnv (C:\FidiMyProjects2025\Software_Projects\AccuBooks\AccuBooks\backend\src\envValidator.js:94:11)
    at Object.<anonymous> (C:\FidiMyProjects2025\Software_Projects\AccuBooks\AccuBooks\backend\src\index.js:5:3)
    at Module._compile (node:internal/modules/cjs/loader:1521:14)
    at Module._extensions..js (node:internal/modules/cjs/loader:1623:10)
    at Module.load (node:internal/modules/cjs/loader:1266:32)
    at Module._load (node:internal/modules/cjs/loader:1091:12)
    at Function.executeUserEntryPoint [as runMain] (node:internal/modules/run_main:164:12)
    at node:internal/main/run_main_module:28:49
2025-10-31 19:12:13 [[31merror[39m]: Environment validation failed:
2025-10-31 19:12:13 [[31merror[39m]:  - "REDIS_URL" must be a valid uri
2025-10-31 19:12:13 [[31merror[39m]:  - "SMTP_PORT" must be a number
2025-10-31 19:12:13 [[31merror[39m]:  - "SMTP_SECURE" must be a boolean
2025-10-31 19:12:13 [[31merror[39m]:  - "STRIPE_SECRET_KEY" with value "<REDACTED_STRIPE_SECRET_KEY>" fails to match the required pattern: /^sk_/
2025-10-31 19:12:13 [[31merror[39m]:  - "STRIPE_PUBLISHABLE_KEY" with value "<REDACTED_STRIPE_PUBLISHABLE_KEY>" fails to match the required pattern: /^pk_/
2025-10-31 19:12:13 [[31merror[39m]:  - "STRIPE_WEBHOOK_SECRET" with value "<REDACTED_STRIPE_WEBHOOK_SECRET>" fails to match the required pattern: /^whsec_/
2025-10-31 19:12:13 [[33mwarn[39m]: Non-critical environment validation issues detected. Continuing in development mode.
2025-10-31 19:12:13 [[32minfo[39m]: Environment validation passed
2025-10-31 19:12:14 [[31merror[39m]: TypeError: app.use() requires a middleware function
    at Function.use (C:\FidiMyProjects2025\Software_Projects\AccuBooks\AccuBooks\backend\node_modules\express\lib\application.js:217:11)
    at Object.<anonymous> (C:\FidiMyProjects2025\Software_Projects\AccuBooks\AccuBooks\backend\src\index.js:106:5)
    at Module._compile (node:internal/modules/cjs/loader:1521:14)
    at Module._extensions..js (node:internal/modules/cjs/loader:1623:10)
    at Module.load (node:internal/modules/cjs/loader:1266:32)
    at Module._load (node:internal/modules/cjs/loader:1091:12)
    at Function.executeUserEntryPoint [as runMain] (node:internal/modules/run_main:164:12)
    at node:internal/main/run_main_module:28:49
2025-10-31 19:12:13 [[31merror[39m]: Environment validation failed:
2025-10-31 19:12:13 [[31merror[39m]:  - "REDIS_URL" must be a valid uri
2025-10-31 19:12:13 [[31merror[39m]:  - "SMTP_PORT" must be a number
2025-10-31 19:12:13 [[31merror[39m]:  - "SMTP_SECURE" must be a boolean
2025-10-31 19:12:13 [[31merror[39m]:  - "STRIPE_SECRET_KEY" with value "<REDACTED_STRIPE_SECRET_KEY>" fails to match the required pattern: /^sk_/
2025-10-31 19:12:13 [[31merror[39m]:  - "STRIPE_PUBLISHABLE_KEY" with value "<REDACTED_STRIPE_PUBLISHABLE_KEY>" fails to match the required pattern: /^pk_/
2025-10-31 19:12:13 [[31merror[39m]:  - "STRIPE_WEBHOOK_SECRET" with value "<REDACTED_STRIPE_WEBHOOK_SECRET>" fails to match the required pattern: /^whsec_/
2025-10-31 19:12:13 [[33mwarn[39m]: Non-critical environment validation issues detected. Continuing in development mode.
2025-10-31 19:12:13 [[32minfo[39m]: Environment validation passed
2025-10-31 19:12:14 [[31merror[39m]: TypeError: app.use() requires a middleware function
    at Function.use (C:\FidiMyProjects2025\Software_Projects\AccuBooks\AccuBooks\backend\node_modules\express\lib\application.js:217:11)
    at Object.<anonymous> (C:\FidiMyProjects2025\Software_Projects\AccuBooks\AccuBooks\backend\src\index.js:106:5)
    at Module._compile (node:internal/modules/cjs/loader:1521:14)
    at Module._extensions..js (node:internal/modules/cjs/loader:1623:10)
    at Module.load (node:internal/modules/cjs/loader:1266:32)
    at Module._load (node:internal/modules/cjs/loader:1091:12)
    at Function.executeUserEntryPoint [as runMain] (node:internal/modules/run_main:164:12)
    at node:internal/main/run_main_module:28:49
2025-10-31 19:12:22 [[31merror[39m]: Environment validation failed:
2025-10-31 19:12:22 [[31merror[39m]:  - "REDIS_URL" must be a valid uri
2025-10-31 19:12:22 [[31merror[39m]:  - "SMTP_PORT" must be a number
2025-10-31 19:12:22 [[31merror[39m]:  - "SMTP_SECURE" must be a boolean
2025-10-31 19:12:22 [[31merror[39m]:  - "STRIPE_SECRET_KEY" with value "<REDACTED_STRIPE_SECRET_KEY>" fails to match the required pattern: /^sk_/
2025-10-31 19:12:22 [[31merror[39m]:  - "STRIPE_PUBLISHABLE_KEY" with value "<REDACTED_STRIPE_PUBLISHABLE_KEY>" fails to match the required pattern: /^pk_/
2025-10-31 19:12:22 [[31merror[39m]:  - "STRIPE_WEBHOOK_SECRET" with value "<REDACTED_STRIPE_WEBHOOK_SECRET>" fails to match the required pattern: /^whsec_/
2025-10-31 19:12:22 [[33mwarn[39m]: Non-critical environment validation issues detected. Continuing in development mode.
2025-10-31 19:12:22 [[32minfo[39m]: Environment validation passed
2025-10-31 19:12:23 [[31merror[39m]: TypeError: app.use() requires a middleware function
    at Function.use (C:\FidiMyProjects2025\Software_Projects\AccuBooks\AccuBooks\backend\node_modules\express\lib\application.js:217:11)
    at Object.<anonymous> (C:\FidiMyProjects2025\Software_Projects\AccuBooks\AccuBooks\backend\src\index.js:106:5)
    at Module._compile (node:internal/modules/cjs/loader:1521:14)
    at Module._extensions..js (node:internal/modules/cjs/loader:1623:10)
    at Module.load (node:internal/modules/cjs/loader:1266:32)
    at Module._load (node:internal/modules/cjs/loader:1091:12)
    at Function.executeUserEntryPoint [as runMain] (node:internal/modules/run_main:164:12)
    at node:internal/main/run_main_module:28:49
2025-10-31 19:13:49 [[31merror[39m]: Environment validation failed:
2025-10-31 19:13:49 [[31merror[39m]: Environment validation failed:
2025-10-31 19:13:49 [[31merror[39m]:  - "REDIS_URL" must be a valid uri
2025-10-31 19:13:49 [[31merror[39m]:  - "SMTP_PORT" must be a number
2025-10-31 19:13:49 [[31merror[39m]:  - "SMTP_SECURE" must be a boolean
2025-10-31 19:13:49 [[31merror[39m]:  - "STRIPE_SECRET_KEY" with value "<REDACTED_STRIPE_SECRET_KEY>" fails to match the required pattern: /^sk_/
2025-10-31 19:13:49 [[31merror[39m]:  - "STRIPE_PUBLISHABLE_KEY" with value "<REDACTED_STRIPE_PUBLISHABLE_KEY>" fails to match the required pattern: /^pk_/
2025-10-31 19:13:49 [[31merror[39m]:  - "STRIPE_WEBHOOK_SECRET" with value "<REDACTED_STRIPE_WEBHOOK_SECRET>" fails to match the required pattern: /^whsec_/
2025-10-31 19:13:49 [[33mwarn[39m]: Non-critical environment validation issues detected. Continuing in development mode.
2025-10-31 19:13:49 [[32minfo[39m]: Environment validation passed
2025-10-31 19:13:50 [[32minfo[39m]: Optional route not found: ./routes/users
2025-10-31 19:13:50 [[32minfo[39m]: Optional route not found: ./routes/businesses
2025-10-31 19:13:50 [[32minfo[39m]: Optional route not found: ./routes/clients
2025-10-31 19:13:50 [[32minfo[39m]: Optional route not found: ./routes/invoices
2025-10-31 19:13:50 [[32minfo[39m]: Optional route not found: ./routes/payments
2025-10-31 19:13:50 [[32minfo[39m]: Server running in undefined mode on port undefined
2025-10-31 19:13:50 [[32minfo[39m]: API Documentation available at http://localhost:undefined/api-docs
2025-10-31 19:13:49 [[31merror[39m]:  - "REDIS_URL" must be a valid uri
2025-10-31 19:13:49 [[31merror[39m]:  - "SMTP_PORT" must be a number
2025-10-31 19:13:49 [[31merror[39m]:  - "SMTP_SECURE" must be a boolean
2025-10-31 19:13:49 [[31merror[39m]:  - "STRIPE_SECRET_KEY" with value "<REDACTED_STRIPE_SECRET_KEY>" fails to match the required pattern: /^sk_/
2025-10-31 19:13:49 [[31merror[39m]:  - "STRIPE_PUBLISHABLE_KEY" with value "<REDACTED_STRIPE_PUBLISHABLE_KEY>" fails to match the required pattern: /^pk_/
2025-10-31 19:13:49 [[31merror[39m]:  - "STRIPE_WEBHOOK_SECRET" with value "<REDACTED_STRIPE_WEBHOOK_SECRET>" fails to match the required pattern: /^whsec_/
2025-10-31 19:13:49 [[33mwarn[39m]: Non-critical environment validation issues detected. Continuing in development mode.
2025-10-31 19:13:49 [[32minfo[39m]: Environment validation passed
2025-10-31 19:13:50 [[32minfo[39m]: Optional route not found: ./routes/users
2025-10-31 19:13:50 [[32minfo[39m]: Optional route not found: ./routes/businesses
2025-10-31 19:13:50 [[32minfo[39m]: Optional route not found: ./routes/clients
2025-10-31 19:13:50 [[32minfo[39m]: Optional route not found: ./routes/invoices
2025-10-31 19:13:50 [[32minfo[39m]: Optional route not found: ./routes/payments
2025-10-31 19:13:50 [[32minfo[39m]: Server running in undefined mode on port undefined
2025-10-31 19:13:50 [[32minfo[39m]: API Documentation available at http://localhost:undefined/api-docs
2025-10-31 19:14:10 [[31merror[39m]: Environment validation failed:
2025-10-31 19:14:10 [[31merror[39m]:  - "REDIS_URL" must be a valid uri
2025-10-31 19:14:10 [[31merror[39m]:  - "SMTP_PORT" must be a number
2025-10-31 19:14:10 [[31merror[39m]:  - "SMTP_SECURE" must be a boolean
2025-10-31 19:14:10 [[31merror[39m]:  - "STRIPE_SECRET_KEY" with value "<REDACTED_STRIPE_SECRET_KEY>" fails to match the required pattern: /^sk_/
2025-10-31 19:14:10 [[31merror[39m]:  - "STRIPE_PUBLISHABLE_KEY" with value "<REDACTED_STRIPE_PUBLISHABLE_KEY>" fails to match the required pattern: /^pk_/
2025-10-31 19:14:10 [[31merror[39m]:  - "STRIPE_WEBHOOK_SECRET" with value "<REDACTED_STRIPE_WEBHOOK_SECRET>" fails to match the required pattern: /^whsec_/
2025-10-31 19:14:10 [[33mwarn[39m]: Non-critical environment validation issues detected. Continuing in development mode.
2025-10-31 19:14:10 [[32minfo[39m]: Environment validation passed
2025-10-31 19:14:11 [[32minfo[39m]: Optional route not found: ./routes/users
2025-10-31 19:14:11 [[32minfo[39m]: Optional route not found: ./routes/businesses
2025-10-31 19:14:11 [[32minfo[39m]: Optional route not found: ./routes/clients
2025-10-31 19:14:11 [[32minfo[39m]: Optional route not found: ./routes/invoices
2025-10-31 19:14:11 [[32minfo[39m]: Optional route not found: ./routes/payments
2025-10-31 19:14:11 [[31merror[39m]: Error: listen EADDRINUSE: address already in use :::3000
    at Server.setupListenHandle [as _listen2] (node:net:1908:16)
    at listenInCluster (node:net:1965:12)
    at Server.listen (node:net:2067:7)
    at Function.listen (C:\FidiMyProjects2025\Software_Projects\AccuBooks\AccuBooks\backend\node_modules\express\lib\application.js:635:24)
    at Object.<anonymous> (C:\FidiMyProjects2025\Software_Projects\AccuBooks\AccuBooks\backend\src\index.js:189:20)
    at Module._compile (node:internal/modules/cjs/loader:1521:14)
    at Module._extensions..js (node:internal/modules/cjs/loader:1623:10)
    at Module.load (node:internal/modules/cjs/loader:1266:32)
    at Module._load (node:internal/modules/cjs/loader:1091:12)
    at Function.executeUserEntryPoint [as runMain] (node:internal/modules/run_main:164:12)
2025-10-31 19:14:10 [[31merror[39m]: Environment validation failed:
2025-10-31 19:14:10 [[31merror[39m]:  - "REDIS_URL" must be a valid uri
2025-10-31 19:14:10 [[31merror[39m]:  - "SMTP_PORT" must be a number
2025-10-31 19:14:10 [[31merror[39m]:  - "SMTP_SECURE" must be a boolean
2025-10-31 19:14:10 [[31merror[39m]:  - "STRIPE_SECRET_KEY" with value "<REDACTED_STRIPE_SECRET_KEY>" fails to match the required pattern: /^sk_/
2025-10-31 19:14:10 [[31merror[39m]:  - "STRIPE_PUBLISHABLE_KEY" with value "<REDACTED_STRIPE_PUBLISHABLE_KEY>" fails to match the required pattern: /^pk_/
2025-10-31 19:14:10 [[31merror[39m]:  - "STRIPE_WEBHOOK_SECRET" with value "<REDACTED_STRIPE_WEBHOOK_SECRET>" fails to match the required pattern: /^whsec_/
2025-10-31 19:14:10 [[33mwarn[39m]: Non-critical environment validation issues detected. Continuing in development mode.
2025-10-31 19:14:10 [[32minfo[39m]: Environment validation passed
2025-10-31 19:14:11 [[32minfo[39m]: Optional route not found: ./routes/users
2025-10-31 19:14:11 [[32minfo[39m]: Optional route not found: ./routes/businesses
2025-10-31 19:14:11 [[32minfo[39m]: Optional route not found: ./routes/clients
2025-10-31 19:14:11 [[32minfo[39m]: Optional route not found: ./routes/invoices
2025-10-31 19:14:11 [[32minfo[39m]: Optional route not found: ./routes/payments
2025-10-31 19:14:11 [[31merror[39m]: Error: listen EADDRINUSE: address already in use :::3000
    at Server.setupListenHandle [as _listen2] (node:net:1908:16)
    at listenInCluster (node:net:1965:12)
    at Server.listen (node:net:2067:7)
    at Function.listen (C:\FidiMyProjects2025\Software_Projects\AccuBooks\AccuBooks\backend\node_modules\express\lib\application.js:635:24)
    at Object.<anonymous> (C:\FidiMyProjects2025\Software_Projects\AccuBooks\AccuBooks\backend\src\index.js:189:20)
    at Module._compile (node:internal/modules/cjs/loader:1521:14)
    at Module._extensions..js (node:internal/modules/cjs/loader:1623:10)
    at Module.load (node:internal/modules/cjs/loader:1266:32)
    at Module._load (node:internal/modules/cjs/loader:1091:12)
    at Function.executeUserEntryPoint [as runMain] (node:internal/modules/run_main:164:12)
2025-10-31 19:14:17 [[31merror[39m]: Environment validation failed:
2025-10-31 19:14:17 [[31merror[39m]:  - "REDIS_URL" must be a valid uri
2025-10-31 19:14:17 [[31merror[39m]:  - "SMTP_PORT" must be a number
2025-10-31 19:14:17 [[31merror[39m]:  - "SMTP_SECURE" must be a boolean
2025-10-31 19:14:17 [[31merror[39m]:  - "STRIPE_SECRET_KEY" with value "<REDACTED_STRIPE_SECRET_KEY>" fails to match the required pattern: /^sk_/
2025-10-31 19:14:17 [[31merror[39m]:  - "STRIPE_PUBLISHABLE_KEY" with value "<REDACTED_STRIPE_PUBLISHABLE_KEY>" fails to match the required pattern: /^pk_/
2025-10-31 19:14:17 [[31merror[39m]:  - "STRIPE_WEBHOOK_SECRET" with value "<REDACTED_STRIPE_WEBHOOK_SECRET>" fails to match the required pattern: /^whsec_/
2025-10-31 19:14:17 [[33mwarn[39m]: Non-critical environment validation issues detected. Continuing in development mode.
2025-10-31 19:14:17 [[32minfo[39m]: Environment validation passed
2025-10-31 19:14:18 [[32minfo[39m]: Optional route not found: ./routes/users
2025-10-31 19:14:18 [[32minfo[39m]: Optional route not found: ./routes/businesses
2025-10-31 19:14:18 [[32minfo[39m]: Optional route not found: ./routes/clients
2025-10-31 19:14:18 [[32minfo[39m]: Optional route not found: ./routes/invoices
2025-10-31 19:14:18 [[32minfo[39m]: Optional route not found: ./routes/payments
2025-10-31 19:14:18 [[31merror[39m]: Error: listen EADDRINUSE: address already in use :::3000
    at Server.setupListenHandle [as _listen2] (node:net:1908:16)
    at listenInCluster (node:net:1965:12)
    at Server.listen (node:net:2067:7)
    at Function.listen (C:\FidiMyProjects2025\Software_Projects\AccuBooks\AccuBooks\backend\node_modules\express\lib\application.js:635:24)
    at Object.<anonymous> (C:\FidiMyProjects2025\Software_Projects\AccuBooks\AccuBooks\backend\src\index.js:189:20)
    at Module._compile (node:internal/modules/cjs/loader:1521:14)
    at Module._extensions..js (node:internal/modules/cjs/loader:1623:10)
    at Module.load (node:internal/modules/cjs/loader:1266:32)
    at Module._load (node:internal/modules/cjs/loader:1091:12)
    at Function.executeUserEntryPoint [as runMain] (node:internal/modules/run_main:164:12)
2025-10-31 19:14:46 [[31merror[39m]: Environment validation failed:
2025-10-31 19:14:46 [[31merror[39m]:  - "REDIS_URL" must be a valid uri
2025-10-31 19:14:46 [[31merror[39m]:  - "SMTP_PORT" must be a number
2025-10-31 19:14:46 [[31merror[39m]:  - "SMTP_SECURE" must be a boolean
2025-10-31 19:14:46 [[31merror[39m]:  - "STRIPE_SECRET_KEY" with value "<REDACTED_STRIPE_SECRET_KEY>" fails to match the required pattern: /^sk_/
2025-10-31 19:14:46 [[31merror[39m]:  - "STRIPE_PUBLISHABLE_KEY" with value "<REDACTED_STRIPE_PUBLISHABLE_KEY>" fails to match the required pattern: /^pk_/
2025-10-31 19:14:46 [[31merror[39m]:  - "STRIPE_WEBHOOK_SECRET" with value "<REDACTED_STRIPE_WEBHOOK_SECRET>" fails to match the required pattern: /^whsec_/
2025-10-31 19:14:46 [[33mwarn[39m]: Non-critical environment validation issues detected. Continuing in development mode.
2025-10-31 19:14:46 [[32minfo[39m]: Environment validation passed
2025-10-31 19:14:47 [[32minfo[39m]: Optional route not found: ./routes/users
2025-10-31 19:14:47 [[32minfo[39m]: Optional route not found: ./routes/businesses
2025-10-31 19:14:47 [[32minfo[39m]: Optional route not found: ./routes/clients
2025-10-31 19:14:47 [[32minfo[39m]: Optional route not found: ./routes/invoices
2025-10-31 19:14:47 [[32minfo[39m]: Optional route not found: ./routes/payments
2025-10-31 19:14:47 [[31merror[39m]: Error: listen EADDRINUSE: address already in use :::3000
    at Server.setupListenHandle [as _listen2] (node:net:1908:16)
    at listenInCluster (node:net:1965:12)
    at Server.listen (node:net:2067:7)
    at Function.listen (C:\FidiMyProjects2025\Software_Projects\AccuBooks\AccuBooks\backend\node_modules\express\lib\application.js:635:24)
    at Object.<anonymous> (C:\FidiMyProjects2025\Software_Projects\AccuBooks\AccuBooks\backend\src\index.js:201:20)
    at Module._compile (node:internal/modules/cjs/loader:1521:14)
    at Module._extensions..js (node:internal/modules/cjs/loader:1623:10)
    at Module.load (node:internal/modules/cjs/loader:1266:32)
    at Module._load (node:internal/modules/cjs/loader:1091:12)
    at Function.executeUserEntryPoint [as runMain] (node:internal/modules/run_main:164:12)
2025-10-31 19:15:06 [[31merror[39m]: Environment validation failed:
2025-10-31 19:15:06 [[31merror[39m]:  - "REDIS_URL" must be a valid uri
2025-10-31 19:15:06 [[31merror[39m]:  - "SMTP_PORT" must be a number
2025-10-31 19:15:06 [[31merror[39m]:  - "SMTP_SECURE" must be a boolean
2025-10-31 19:15:06 [[31merror[39m]:  - "STRIPE_SECRET_KEY" with value "<REDACTED_STRIPE_SECRET_KEY>" fails to match the required pattern: /^sk_/
2025-10-31 19:15:06 [[31merror[39m]:  - "STRIPE_PUBLISHABLE_KEY" with value "<REDACTED_STRIPE_PUBLISHABLE_KEY>" fails to match the required pattern: /^pk_/
2025-10-31 19:15:06 [[31merror[39m]:  - "STRIPE_WEBHOOK_SECRET" with value "<REDACTED_STRIPE_WEBHOOK_SECRET>" fails to match the required pattern: /^whsec_/
2025-10-31 19:15:06 [[33mwarn[39m]: Non-critical environment validation issues detected. Continuing in development mode.
2025-10-31 19:15:06 [[32minfo[39m]: Environment validation passed
2025-10-31 19:15:07 [[32minfo[39m]: Optional route not found: ./routes/users
2025-10-31 19:15:07 [[32minfo[39m]: Optional route not found: ./routes/businesses
2025-10-31 19:15:07 [[32minfo[39m]: Optional route not found: ./routes/clients
2025-10-31 19:15:07 [[32minfo[39m]: Optional route not found: ./routes/invoices
2025-10-31 19:15:07 [[32minfo[39m]: Optional route not found: ./routes/payments
2025-10-31 19:15:07 [[31merror[39m]: Error: listen EADDRINUSE: address already in use :::3000
    at Server.setupListenHandle [as _listen2] (node:net:1908:16)
    at listenInCluster (node:net:1965:12)
    at Server.listen (node:net:2067:7)
    at Function.listen (C:\FidiMyProjects2025\Software_Projects\AccuBooks\AccuBooks\backend\node_modules\express\lib\application.js:635:24)
    at Object.<anonymous> (C:\FidiMyProjects2025\Software_Projects\AccuBooks\AccuBooks\backend\src\index.js:201:20)
    at Module._compile (node:internal/modules/cjs/loader:1521:14)
    at Module._extensions..js (node:internal/modules/cjs/loader:1623:10)
    at Module.load (node:internal/modules/cjs/loader:1266:32)
    at Module._load (node:internal/modules/cjs/loader:1091:12)
    at Function.executeUserEntryPoint [as runMain] (node:internal/modules/run_main:164:12)
2025-10-31 19:15:24 [[31merror[39m]: Environment validation failed:
2025-10-31 19:15:24 [[31merror[39m]:  - "REDIS_URL" must be a valid uri
2025-10-31 19:15:24 [[31merror[39m]:  - "SMTP_PORT" must be a number
2025-10-31 19:15:24 [[31merror[39m]:  - "SMTP_SECURE" must be a boolean
2025-10-31 19:15:24 [[31merror[39m]:  - "STRIPE_SECRET_KEY" with value "<REDACTED_STRIPE_SECRET_KEY>" fails to match the required pattern: /^sk_/
2025-10-31 19:15:24 [[31merror[39m]:  - "STRIPE_PUBLISHABLE_KEY" with value "<REDACTED_STRIPE_PUBLISHABLE_KEY>" fails to match the required pattern: /^pk_/
2025-10-31 19:15:24 [[31merror[39m]:  - "STRIPE_WEBHOOK_SECRET" with value "<REDACTED_STRIPE_WEBHOOK_SECRET>" fails to match the required pattern: /^whsec_/
2025-10-31 19:15:24 [[33mwarn[39m]: Non-critical environment validation issues detected. Continuing in development mode.
2025-10-31 19:15:24 [[32minfo[39m]: Environment validation passed
2025-10-31 19:15:24 [[32minfo[39m]: Optional route not found: ./routes/users
2025-10-31 19:15:24 [[32minfo[39m]: Optional route not found: ./routes/businesses
2025-10-31 19:15:24 [[32minfo[39m]: Optional route not found: ./routes/clients
2025-10-31 19:15:24 [[32minfo[39m]: Optional route not found: ./routes/invoices
2025-10-31 19:15:24 [[32minfo[39m]: Optional route not found: ./routes/payments
2025-10-31 19:15:24 [[32minfo[39m]: Server running in development mode on port 3000
2025-10-31 19:15:24 [[32minfo[39m]: API Documentation available at http://localhost:3000/api-docs
2025-10-31 19:16:11 [[32minfo[39m]: ::1 - - [01/Nov/2025:02:16:11 +0000] "GET /favicon.ico HTTP/1.1" 404 40 "http://localhost:3000/" "Mozilla/5.0 (Windows NT 10.0; Win64; x64) AppleWebKit/537.36 (KHTML, like Gecko) Chrome/141.0.0.0 Safari/537.36"
2025-10-31 23:20:47 [[31merror[39m]: Environment validation failed:
2025-10-31 23:20:47 [[31merror[39m]:  - "REDIS_URL" must be a valid uri
2025-10-31 23:20:47 [[31merror[39m]:  - "SMTP_PORT" must be a number
2025-10-31 23:20:47 [[31merror[39m]:  - "SMTP_SECURE" must be a boolean
2025-10-31 23:20:47 [[31merror[39m]:  - "STRIPE_SECRET_KEY" with value "<REDACTED_STRIPE_SECRET_KEY>" fails to match the required pattern: /^sk_/
2025-10-31 23:20:47 [[31merror[39m]:  - "STRIPE_PUBLISHABLE_KEY" with value "<REDACTED_STRIPE_PUBLISHABLE_KEY>" fails to match the required pattern: /^pk_/
2025-10-31 23:20:47 [[31merror[39m]:  - "STRIPE_WEBHOOK_SECRET" with value "<REDACTED_STRIPE_WEBHOOK_SECRET>" fails to match the required pattern: /^whsec_/
2025-10-31 23:20:47 [[33mwarn[39m]: Non-critical environment validation issues detected. Continuing in development mode.
2025-10-31 23:20:47 [[32minfo[39m]: Environment validation passed
2025-10-31 23:20:47 [[32minfo[39m]: Optional route not found: ./routes/users
2025-10-31 23:20:47 [[32minfo[39m]: Optional route not found: ./routes/businesses
2025-10-31 23:20:47 [[32minfo[39m]: Optional route not found: ./routes/clients
2025-10-31 23:20:47 [[32minfo[39m]: Optional route not found: ./routes/invoices
2025-10-31 23:20:47 [[32minfo[39m]: Optional route not found: ./routes/payments
2025-10-31 23:20:47 [[31merror[39m]: Error: listen EADDRINUSE: address already in use :::3000
    at Server.setupListenHandle [as _listen2] (node:net:1908:16)
    at listenInCluster (node:net:1965:12)
    at Server.listen (node:net:2067:7)
    at Function.listen (C:\FidiMyProjects2025\Software_Projects\AccuBooks\AccuBooks\backend\node_modules\express\lib\application.js:635:24)
    at Object.<anonymous> (C:\FidiMyProjects2025\Software_Projects\AccuBooks\AccuBooks\backend\src\index.js:201:20)
    at Module._compile (node:internal/modules/cjs/loader:1521:14)
    at Module._extensions..js (node:internal/modules/cjs/loader:1623:10)
    at Module.load (node:internal/modules/cjs/loader:1266:32)
    at Module._load (node:internal/modules/cjs/loader:1091:12)
    at Function.executeUserEntryPoint [as runMain] (node:internal/modules/run_main:164:12)
2025-10-31 23:21:25 [[31merror[39m]: Environment validation failed:
2025-10-31 23:21:25 [[31merror[39m]:  - "REDIS_URL" must be a valid uri
2025-10-31 23:21:25 [[31merror[39m]:  - "SMTP_PORT" must be a number
2025-10-31 23:21:25 [[31merror[39m]:  - "SMTP_SECURE" must be a boolean
2025-10-31 23:21:25 [[31merror[39m]:  - "STRIPE_SECRET_KEY" with value "<REDACTED_STRIPE_SECRET_KEY>" fails to match the required pattern: /^sk_/
2025-10-31 23:21:25 [[31merror[39m]:  - "STRIPE_PUBLISHABLE_KEY" with value "<REDACTED_STRIPE_PUBLISHABLE_KEY>" fails to match the required pattern: /^pk_/
2025-10-31 23:21:25 [[31merror[39m]:  - "STRIPE_WEBHOOK_SECRET" with value "<REDACTED_STRIPE_WEBHOOK_SECRET>" fails to match the required pattern: /^whsec_/
2025-10-31 23:21:25 [[33mwarn[39m]: Non-critical environment validation issues detected. Continuing in development mode.
2025-10-31 23:21:25 [[32minfo[39m]: Environment validation passed
2025-10-31 23:21:25 [[32minfo[39m]: Optional route not found: ./routes/users
2025-10-31 23:21:25 [[32minfo[39m]: Optional route not found: ./routes/businesses
2025-10-31 23:21:25 [[32minfo[39m]: Optional route not found: ./routes/clients
2025-10-31 23:21:25 [[32minfo[39m]: Optional route not found: ./routes/invoices
2025-10-31 23:21:25 [[32minfo[39m]: Optional route not found: ./routes/payments
2025-10-31 23:21:25 [[32minfo[39m]: Server running in development mode on port 3000
2025-10-31 23:21:25 [[32minfo[39m]: API Documentation available at http://localhost:3000/api-docs
2025-10-31 23:22:17 [[32minfo[39m]: ::1 - - [01/Nov/2025:06:22:17 +0000] "GET /api-docs HTTP/1.1" 301 158 "-" "Mozilla/5.0 (Windows NT 10.0; Win64; x64) AppleWebKit/537.36 (KHTML, like Gecko) Chrome/141.0.0.0 Safari/537.36"
2025-10-31 23:22:17 [[32minfo[39m]: ::1 - - [01/Nov/2025:06:22:17 +0000] "GET /api-docs/ HTTP/1.1" 200 3106 "-" "Mozilla/5.0 (Windows NT 10.0; Win64; x64) AppleWebKit/537.36 (KHTML, like Gecko) Chrome/141.0.0.0 Safari/537.36"
2025-10-31 23:22:17 [[32minfo[39m]: ::1 - - [01/Nov/2025:06:22:17 +0000] "GET /api-docs/swagger-ui-init.js HTTP/1.1" 200 6005 "-" "Mozilla/5.0 (Windows NT 10.0; Win64; x64) AppleWebKit/537.36 (KHTML, like Gecko) Chrome/141.0.0.0 Safari/537.36"
2025-10-31 23:22:17 [[32minfo[39m]: ::1 - - [01/Nov/2025:06:22:17 +0000] "GET /api-docs/swagger-ui.css HTTP/1.1" 200 155212 "-" "Mozilla/5.0 (Windows NT 10.0; Win64; x64) AppleWebKit/537.36 (KHTML, like Gecko) Chrome/141.0.0.0 Safari/537.36"
2025-10-31 23:22:17 [[32minfo[39m]: ::1 - - [01/Nov/2025:06:22:17 +0000] "GET /api-docs/swagger-ui-standalone-preset.js HTTP/1.1" 200 250335 "-" "Mozilla/5.0 (Windows NT 10.0; Win64; x64) AppleWebKit/537.36 (KHTML, like Gecko) Chrome/141.0.0.0 Safari/537.36"
2025-10-31 23:22:17 [[32minfo[39m]: ::1 - - [01/Nov/2025:06:22:17 +0000] "GET /api-docs/swagger-ui-bundle.js HTTP/1.1" 200 1510073 "-" "Mozilla/5.0 (Windows NT 10.0; Win64; x64) AppleWebKit/537.36 (KHTML, like Gecko) Chrome/141.0.0.0 Safari/537.36"
2025-10-31 23:22:18 [[32minfo[39m]: ::1 - - [01/Nov/2025:06:22:18 +0000] "GET /api-docs/favicon-32x32.png HTTP/1.1" 200 628 "-" "Mozilla/5.0 (Windows NT 10.0; Win64; x64) AppleWebKit/537.36 (KHTML, like Gecko) Chrome/141.0.0.0 Safari/537.36"
2025-10-31 23:58:13 [[32minfo[39m]: ::1 - - [01/Nov/2025:06:58:13 +0000] "GET /api-docs/ HTTP/1.1" 304 - "-" "Mozilla/5.0 (Windows NT 10.0; Win64; x64) AppleWebKit/537.36 (KHTML, like Gecko) Chrome/141.0.0.0 Safari/537.36"
2025-10-31 23:58:13 [[32minfo[39m]: ::1 - - [01/Nov/2025:06:58:13 +0000] "GET /api-docs/swagger-ui-init.js HTTP/1.1" 304 - "-" "Mozilla/5.0 (Windows NT 10.0; Win64; x64) AppleWebKit/537.36 (KHTML, like Gecko) Chrome/141.0.0.0 Safari/537.36"
2025-10-31 23:58:13 [[32minfo[39m]: ::1 - - [01/Nov/2025:06:58:13 +0000] "GET /api-docs/swagger-ui.css HTTP/1.1" 304 - "-" "Mozilla/5.0 (Windows NT 10.0; Win64; x64) AppleWebKit/537.36 (KHTML, like Gecko) Chrome/141.0.0.0 Safari/537.36"
2025-10-31 23:58:13 [[32minfo[39m]: ::1 - - [01/Nov/2025:06:58:13 +0000] "GET /api-docs/swagger-ui-bundle.js HTTP/1.1" 304 - "-" "Mozilla/5.0 (Windows NT 10.0; Win64; x64) AppleWebKit/537.36 (KHTML, like Gecko) Chrome/141.0.0.0 Safari/537.36"
2025-10-31 23:58:13 [[32minfo[39m]: ::1 - - [01/Nov/2025:06:58:13 +0000] "GET /api-docs/swagger-ui-standalone-preset.js HTTP/1.1" 304 - "-" "Mozilla/5.0 (Windows NT 10.0; Win64; x64) AppleWebKit/537.36 (KHTML, like Gecko) Chrome/141.0.0.0 Safari/537.36"
2025-10-31 23:58:13 [[32minfo[39m]: ::1 - - [01/Nov/2025:06:58:13 +0000] "GET /api-docs/favicon-32x32.png HTTP/1.1" 304 - "-" "Mozilla/5.0 (Windows NT 10.0; Win64; x64) AppleWebKit/537.36 (KHTML, like Gecko) Chrome/141.0.0.0 Safari/537.36"
2025-10-31 23:58:15 [[32minfo[39m]: ::1 - - [01/Nov/2025:06:58:15 +0000] "GET /api-docs/ HTTP/1.1" 304 - "-" "Mozilla/5.0 (Windows NT 10.0; Win64; x64) AppleWebKit/537.36 (KHTML, like Gecko) Chrome/141.0.0.0 Safari/537.36"
2025-10-31 23:58:15 [[32minfo[39m]: ::1 - - [01/Nov/2025:06:58:15 +0000] "GET /api-docs/swagger-ui-init.js HTTP/1.1" 304 - "-" "Mozilla/5.0 (Windows NT 10.0; Win64; x64) AppleWebKit/537.36 (KHTML, like Gecko) Chrome/141.0.0.0 Safari/537.36"
2025-10-31 23:58:15 [[32minfo[39m]: ::1 - - [01/Nov/2025:06:58:15 +0000] "GET /api-docs/swagger-ui.css HTTP/1.1" 304 - "-" "Mozilla/5.0 (Windows NT 10.0; Win64; x64) AppleWebKit/537.36 (KHTML, like Gecko) Chrome/141.0.0.0 Safari/537.36"
2025-10-31 23:58:15 [[32minfo[39m]: ::1 - - [01/Nov/2025:06:58:15 +0000] "GET /api-docs/swagger-ui-bundle.js HTTP/1.1" 304 - "-" "Mozilla/5.0 (Windows NT 10.0; Win64; x64) AppleWebKit/537.36 (KHTML, like Gecko) Chrome/141.0.0.0 Safari/537.36"
2025-10-31 23:58:15 [[32minfo[39m]: ::1 - - [01/Nov/2025:06:58:15 +0000] "GET /api-docs/swagger-ui-standalone-preset.js HTTP/1.1" 304 - "-" "Mozilla/5.0 (Windows NT 10.0; Win64; x64) AppleWebKit/537.36 (KHTML, like Gecko) Chrome/141.0.0.0 Safari/537.36"
2025-10-31 23:58:15 [[32minfo[39m]: ::1 - - [01/Nov/2025:06:58:15 +0000] "GET /api-docs/favicon-32x32.png HTTP/1.1" 304 - "-" "Mozilla/5.0 (Windows NT 10.0; Win64; x64) AppleWebKit/537.36 (KHTML, like Gecko) Chrome/141.0.0.0 Safari/537.36"
2025-10-31 23:58:15 [[32minfo[39m]: ::1 - - [01/Nov/2025:06:58:15 +0000] "GET /api-docs/ HTTP/1.1" 304 - "-" "Mozilla/5.0 (Windows NT 10.0; Win64; x64) AppleWebKit/537.36 (KHTML, like Gecko) Chrome/141.0.0.0 Safari/537.36"
2025-10-31 23:58:15 [[32minfo[39m]: ::1 - - [01/Nov/2025:06:58:15 +0000] "GET /api-docs/swagger-ui-init.js HTTP/1.1" 304 - "-" "Mozilla/5.0 (Windows NT 10.0; Win64; x64) AppleWebKit/537.36 (KHTML, like Gecko) Chrome/141.0.0.0 Safari/537.36"
2025-10-31 23:58:16 [[32minfo[39m]: ::1 - - [01/Nov/2025:06:58:16 +0000] "GET /api-docs/swagger-ui.css HTTP/1.1" 304 - "-" "Mozilla/5.0 (Windows NT 10.0; Win64; x64) AppleWebKit/537.36 (KHTML, like Gecko) Chrome/141.0.0.0 Safari/537.36"
2025-10-31 23:58:16 [[32minfo[39m]: ::1 - - [01/Nov/2025:06:58:16 +0000] "GET /api-docs/swagger-ui-bundle.js HTTP/1.1" 304 - "-" "Mozilla/5.0 (Windows NT 10.0; Win64; x64) AppleWebKit/537.36 (KHTML, like Gecko) Chrome/141.0.0.0 Safari/537.36"
2025-10-31 23:58:16 [[32minfo[39m]: ::1 - - [01/Nov/2025:06:58:16 +0000] "GET /api-docs/swagger-ui-standalone-preset.js HTTP/1.1" 304 - "-" "Mozilla/5.0 (Windows NT 10.0; Win64; x64) AppleWebKit/537.36 (KHTML, like Gecko) Chrome/141.0.0.0 Safari/537.36"
2025-10-31 23:58:16 [[32minfo[39m]: ::1 - - [01/Nov/2025:06:58:16 +0000] "GET /api-docs/favicon-32x32.png HTTP/1.1" 304 - "-" "Mozilla/5.0 (Windows NT 10.0; Win64; x64) AppleWebKit/537.36 (KHTML, like Gecko) Chrome/141.0.0.0 Safari/537.36"
2025-10-31 23:58:16 [[32minfo[39m]: ::1 - - [01/Nov/2025:06:58:16 +0000] "GET /api-docs/ HTTP/1.1" 304 - "-" "Mozilla/5.0 (Windows NT 10.0; Win64; x64) AppleWebKit/537.36 (KHTML, like Gecko) Chrome/141.0.0.0 Safari/537.36"
2025-10-31 23:58:16 [[32minfo[39m]: ::1 - - [01/Nov/2025:06:58:16 +0000] "GET /api-docs/swagger-ui-init.js HTTP/1.1" 304 - "-" "Mozilla/5.0 (Windows NT 10.0; Win64; x64) AppleWebKit/537.36 (KHTML, like Gecko) Chrome/141.0.0.0 Safari/537.36"
2025-10-31 23:58:16 [[32minfo[39m]: ::1 - - [01/Nov/2025:06:58:16 +0000] "GET /api-docs/swagger-ui.css HTTP/1.1" 304 - "-" "Mozilla/5.0 (Windows NT 10.0; Win64; x64) AppleWebKit/537.36 (KHTML, like Gecko) Chrome/141.0.0.0 Safari/537.36"
2025-10-31 23:58:16 [[32minfo[39m]: ::1 - - [01/Nov/2025:06:58:16 +0000] "GET /api-docs/swagger-ui-bundle.js HTTP/1.1" 304 - "-" "Mozilla/5.0 (Windows NT 10.0; Win64; x64) AppleWebKit/537.36 (KHTML, like Gecko) Chrome/141.0.0.0 Safari/537.36"
2025-10-31 23:58:16 [[32minfo[39m]: ::1 - - [01/Nov/2025:06:58:16 +0000] "GET /api-docs/swagger-ui-standalone-preset.js HTTP/1.1" 304 - "-" "Mozilla/5.0 (Windows NT 10.0; Win64; x64) AppleWebKit/537.36 (KHTML, like Gecko) Chrome/141.0.0.0 Safari/537.36"
2025-10-31 23:58:16 [[32minfo[39m]: ::1 - - [01/Nov/2025:06:58:16 +0000] "GET /api-docs/favicon-32x32.png HTTP/1.1" 304 - "-" "Mozilla/5.0 (Windows NT 10.0; Win64; x64) AppleWebKit/537.36 (KHTML, like Gecko) Chrome/141.0.0.0 Safari/537.36"
2025-10-31 23:58:16 [[32minfo[39m]: ::1 - - [01/Nov/2025:06:58:16 +0000] "GET /api-docs/ HTTP/1.1" 304 - "-" "Mozilla/5.0 (Windows NT 10.0; Win64; x64) AppleWebKit/537.36 (KHTML, like Gecko) Chrome/141.0.0.0 Safari/537.36"
2025-10-31 23:58:16 [[32minfo[39m]: ::1 - - [01/Nov/2025:06:58:16 +0000] "GET /api-docs/swagger-ui-init.js HTTP/1.1" 304 - "-" "Mozilla/5.0 (Windows NT 10.0; Win64; x64) AppleWebKit/537.36 (KHTML, like Gecko) Chrome/141.0.0.0 Safari/537.36"
2025-10-31 23:58:16 [[32minfo[39m]: ::1 - - [01/Nov/2025:06:58:16 +0000] "GET /api-docs/swagger-ui.css HTTP/1.1" 304 - "-" "Mozilla/5.0 (Windows NT 10.0; Win64; x64) AppleWebKit/537.36 (KHTML, like Gecko) Chrome/141.0.0.0 Safari/537.36"
2025-10-31 23:58:16 [[32minfo[39m]: ::1 - - [01/Nov/2025:06:58:16 +0000] "GET /api-docs/swagger-ui-bundle.js HTTP/1.1" 304 - "-" "Mozilla/5.0 (Windows NT 10.0; Win64; x64) AppleWebKit/537.36 (KHTML, like Gecko) Chrome/141.0.0.0 Safari/537.36"
2025-10-31 23:58:16 [[32minfo[39m]: ::1 - - [01/Nov/2025:06:58:16 +0000] "GET /api-docs/swagger-ui-standalone-preset.js HTTP/1.1" 304 - "-" "Mozilla/5.0 (Windows NT 10.0; Win64; x64) AppleWebKit/537.36 (KHTML, like Gecko) Chrome/141.0.0.0 Safari/537.36"
2025-10-31 23:58:17 [[32minfo[39m]: ::1 - - [01/Nov/2025:06:58:17 +0000] "GET /api-docs/favicon-32x32.png HTTP/1.1" 304 - "-" "Mozilla/5.0 (Windows NT 10.0; Win64; x64) AppleWebKit/537.36 (KHTML, like Gecko) Chrome/141.0.0.0 Safari/537.36"
2025-11-07 13:18:44 [[33mwarn[39m]: Skipping environment validation in test environment
2025-11-07 13:29:23 [[33mwarn[39m]: Skipping environment validation in test environment
2025-11-07 13:32:38 [[33mwarn[39m]: Skipping environment validation in test environment
2025-11-07 13:55:09 [[33mwarn[39m]: Skipping environment validation in test environment
2025-11-07 13:58:11 [[33mwarn[39m]: Skipping environment validation in test environment
{
  message: '400 - Bad request - /test - undefined - 127.0.0.1',
  level: 'error',
  service: 'accubooks-backend',
  timestamp: '2025-11-23 21:30:52'
}
{
  message: '500 - Prisma error - /test - undefined - 127.0.0.1',
  level: 'error',
  service: 'accubooks-backend',
  timestamp: '2025-11-23 21:30:52'
}
{
  message: '500 - Invalid token - /test - undefined - 127.0.0.1',
  level: 'error',
  service: 'accubooks-backend',
  timestamp: '2025-11-23 21:30:52'
}
{
  message: '500 - Validation failed - /test - undefined - 127.0.0.1',
  level: 'error',
  service: 'accubooks-backend',
  timestamp: '2025-11-23 21:30:52'
}
{
  message: '500 - Test error - /test - undefined - 127.0.0.1',
  level: 'error',
  service: 'accubooks-backend',
  timestamp: '2025-11-23 21:30:52'
}
{
  message: '500 - Test error - /test - undefined - 127.0.0.1',
  level: 'error',
  service: 'accubooks-backend',
  timestamp: '2025-11-23 21:30:52'
}
{
  message: '400 - Bad request - /test - undefined - 127.0.0.1',
  level: 'error',
  service: 'accubooks-backend',
  timestamp: '2025-11-24 11:34:25'
}
{
  message: '500 - Prisma error - /test - undefined - 127.0.0.1',
  level: 'error',
  service: 'accubooks-backend',
  timestamp: '2025-11-24 11:34:26'
}
{
  message: '500 - Invalid token - /test - undefined - 127.0.0.1',
  level: 'error',
  service: 'accubooks-backend',
  timestamp: '2025-11-24 11:34:26'
}
{
  message: '500 - Validation failed - /test - undefined - 127.0.0.1',
  level: 'error',
  service: 'accubooks-backend',
  timestamp: '2025-11-24 11:34:26'
}
{
  message: '500 - Test error - /test - undefined - 127.0.0.1',
  level: 'error',
  service: 'accubooks-backend',
  timestamp: '2025-11-24 11:34:26'
}
{
  message: '500 - Test error - /test - undefined - 127.0.0.1',
  level: 'error',
  service: 'accubooks-backend',
  timestamp: '2025-11-24 11:34:26'
}
{
  message: '400 - Bad request - /test - undefined - 127.0.0.1',
  level: 'error',
  service: 'accubooks-backend',
  timestamp: '2025-11-24 12:11:20'
}
{
  message: '500 - Prisma error - /test - undefined - 127.0.0.1',
  level: 'error',
  service: 'accubooks-backend',
  timestamp: '2025-11-24 12:11:20'
}
{
  message: '500 - Invalid token - /test - undefined - 127.0.0.1',
  level: 'error',
  service: 'accubooks-backend',
  timestamp: '2025-11-24 12:11:20'
}
{
  message: '500 - Validation failed - /test - undefined - 127.0.0.1',
  level: 'error',
  service: 'accubooks-backend',
  timestamp: '2025-11-24 12:11:20'
}
{
  message: '500 - Test error - /test - undefined - 127.0.0.1',
  level: 'error',
  service: 'accubooks-backend',
  timestamp: '2025-11-24 12:11:20'
}
{
  message: '500 - Test error - /test - undefined - 127.0.0.1',
  level: 'error',
  service: 'accubooks-backend',
  timestamp: '2025-11-24 12:11:20'
}
{
  message: '400 - Bad request - /test - undefined - 127.0.0.1',
  level: 'error',
  service: 'accubooks-backend',
  timestamp: '2025-11-24 14:29:47'
}
{
  message: '500 - Prisma error - /test - undefined - 127.0.0.1',
  level: 'error',
  service: 'accubooks-backend',
  timestamp: '2025-11-24 14:29:47'
}
{
  message: '500 - Invalid token - /test - undefined - 127.0.0.1',
  level: 'error',
  service: 'accubooks-backend',
  timestamp: '2025-11-24 14:29:47'
}
{
  message: '500 - Validation failed - /test - undefined - 127.0.0.1',
  level: 'error',
  service: 'accubooks-backend',
  timestamp: '2025-11-24 14:29:47'
}
{
  message: '500 - Test error - /test - undefined - 127.0.0.1',
  level: 'error',
  service: 'accubooks-backend',
  timestamp: '2025-11-24 14:29:47'
}
{
  message: '500 - Test error - /test - undefined - 127.0.0.1',
  level: 'error',
  service: 'accubooks-backend',
  timestamp: '2025-11-24 14:29:47'
}
{
  message: '400 - Bad request - /test - undefined - 127.0.0.1',
  level: 'error',
  service: 'accubooks-backend',
  timestamp: '2025-11-24 16:22:37'
}
{
  message: '500 - Prisma error - /test - undefined - 127.0.0.1',
  level: 'error',
  service: 'accubooks-backend',
  timestamp: '2025-11-24 16:22:37'
}
{
  message: '500 - Invalid token - /test - undefined - 127.0.0.1',
  level: 'error',
  service: 'accubooks-backend',
  timestamp: '2025-11-24 16:22:37'
}
{
  message: '500 - Validation failed - /test - undefined - 127.0.0.1',
  level: 'error',
  service: 'accubooks-backend',
  timestamp: '2025-11-24 16:22:37'
}
{
  message: '500 - Test error - /test - undefined - 127.0.0.1',
  level: 'error',
  service: 'accubooks-backend',
  timestamp: '2025-11-24 16:22:37'
}
{
  message: '500 - Test error - /test - undefined - 127.0.0.1',
  level: 'error',
  service: 'accubooks-backend',
  timestamp: '2025-11-24 16:22:37'
}
{
  message: '400 - Bad request - /test - undefined - 127.0.0.1',
  level: 'error',
  service: 'accubooks-backend',
  timestamp: '2025-11-25 17:03:21'
}
{
  message: '500 - Prisma error - /test - undefined - 127.0.0.1',
  level: 'error',
  service: 'accubooks-backend',
  timestamp: '2025-11-25 17:03:21'
}
{
  message: '500 - Invalid token - /test - undefined - 127.0.0.1',
  level: 'error',
  service: 'accubooks-backend',
  timestamp: '2025-11-25 17:03:21'
}
{
  message: '500 - Validation failed - /test - undefined - 127.0.0.1',
  level: 'error',
  service: 'accubooks-backend',
  timestamp: '2025-11-25 17:03:21'
}
{
  message: '500 - Test error - /test - undefined - 127.0.0.1',
  level: 'error',
  service: 'accubooks-backend',
  timestamp: '2025-11-25 17:03:21'
}
{
  message: '500 - Test error - /test - undefined - 127.0.0.1',
  level: 'error',
  service: 'accubooks-backend',
  timestamp: '2025-11-25 17:03:21'
}
{
  message: '400 - Bad request - /test - undefined - 127.0.0.1',
  level: 'error',
  service: 'accubooks-backend',
  timestamp: '2025-11-25 17:50:39'
}
{
  message: '500 - Prisma error - /test - undefined - 127.0.0.1',
  level: 'error',
  service: 'accubooks-backend',
  timestamp: '2025-11-25 17:50:39'
}
{
  message: '500 - Invalid token - /test - undefined - 127.0.0.1',
  level: 'error',
  service: 'accubooks-backend',
  timestamp: '2025-11-25 17:50:39'
}
{
  message: '500 - Validation failed - /test - undefined - 127.0.0.1',
  level: 'error',
  service: 'accubooks-backend',
  timestamp: '2025-11-25 17:50:39'
}
{
  message: '500 - Test error - /test - undefined - 127.0.0.1',
  level: 'error',
  service: 'accubooks-backend',
  timestamp: '2025-11-25 17:50:39'
}
{
  message: '500 - Test error - /test - undefined - 127.0.0.1',
  level: 'error',
  service: 'accubooks-backend',
  timestamp: '2025-11-25 17:50:39'
}
{
  message: '400 - Bad request - /test - undefined - 127.0.0.1',
  level: 'error',
  service: 'accubooks-backend',
  timestamp: '2025-11-25 17:51:15'
}
{
  message: '500 - Prisma error - /test - undefined - 127.0.0.1',
  level: 'error',
  service: 'accubooks-backend',
  timestamp: '2025-11-25 17:51:15'
}
{
  message: '500 - Invalid token - /test - undefined - 127.0.0.1',
  level: 'error',
  service: 'accubooks-backend',
  timestamp: '2025-11-25 17:51:15'
}
{
  message: '500 - Validation failed - /test - undefined - 127.0.0.1',
  level: 'error',
  service: 'accubooks-backend',
  timestamp: '2025-11-25 17:51:15'
}
{
  message: '500 - Test error - /test - undefined - 127.0.0.1',
  level: 'error',
  service: 'accubooks-backend',
  timestamp: '2025-11-25 17:51:15'
}
{
  message: '500 - Test error - /test - undefined - 127.0.0.1',
  level: 'error',
  service: 'accubooks-backend',
  timestamp: '2025-11-25 17:51:15'
}
{
  message: '400 - Bad request - /test - undefined - 127.0.0.1',
  level: 'error',
  service: 'accubooks-backend',
  timestamp: '2025-11-25 17:51:49'
}
{
  message: '500 - Prisma error - /test - undefined - 127.0.0.1',
  level: 'error',
  service: 'accubooks-backend',
  timestamp: '2025-11-25 17:51:49'
}
{
  message: '500 - Invalid token - /test - undefined - 127.0.0.1',
  level: 'error',
  service: 'accubooks-backend',
  timestamp: '2025-11-25 17:51:49'
}
{
  message: '500 - Validation failed - /test - undefined - 127.0.0.1',
  level: 'error',
  service: 'accubooks-backend',
  timestamp: '2025-11-25 17:51:49'
}
{
  message: '500 - Test error - /test - undefined - 127.0.0.1',
  level: 'error',
  service: 'accubooks-backend',
  timestamp: '2025-11-25 17:51:49'
}
{
  message: '500 - Test error - /test - undefined - 127.0.0.1',
  level: 'error',
  service: 'accubooks-backend',
  timestamp: '2025-11-25 17:51:49'
}
{
  message: '400 - Bad request - /test - undefined - 127.0.0.1',
  level: 'error',
  service: 'accubooks-backend',
  timestamp: '2025-11-25 18:38:47'
}
{
  message: '500 - Prisma error - /test - undefined - 127.0.0.1',
  level: 'error',
  service: 'accubooks-backend',
  timestamp: '2025-11-25 18:38:47'
}
{
  message: '500 - Invalid token - /test - undefined - 127.0.0.1',
  level: 'error',
  service: 'accubooks-backend',
  timestamp: '2025-11-25 18:38:47'
}
{
  message: '500 - Validation failed - /test - undefined - 127.0.0.1',
  level: 'error',
  service: 'accubooks-backend',
  timestamp: '2025-11-25 18:38:47'
}
{
  message: '500 - Test error - /test - undefined - 127.0.0.1',
  level: 'error',
  service: 'accubooks-backend',
  timestamp: '2025-11-25 18:38:47'
}
{
  message: '500 - Test error - /test - undefined - 127.0.0.1',
  level: 'error',
  service: 'accubooks-backend',
  timestamp: '2025-11-25 18:38:47'
}
{
  message: '400 - Bad request - /test - undefined - 127.0.0.1',
  level: 'error',
  service: 'accubooks-backend',
  timestamp: '2025-11-25 18:39:21'
}
{
  message: '500 - Prisma error - /test - undefined - 127.0.0.1',
  level: 'error',
  service: 'accubooks-backend',
  timestamp: '2025-11-25 18:39:21'
}
{
  message: '500 - Invalid token - /test - undefined - 127.0.0.1',
  level: 'error',
  service: 'accubooks-backend',
  timestamp: '2025-11-25 18:39:21'
}
{
  message: '500 - Validation failed - /test - undefined - 127.0.0.1',
  level: 'error',
  service: 'accubooks-backend',
  timestamp: '2025-11-25 18:39:21'
}
{
  message: '500 - Test error - /test - undefined - 127.0.0.1',
  level: 'error',
  service: 'accubooks-backend',
  timestamp: '2025-11-25 18:39:21'
}
{
  message: '500 - Test error - /test - undefined - 127.0.0.1',
  level: 'error',
  service: 'accubooks-backend',
  timestamp: '2025-11-25 18:39:21'
}
{
  message: '400 - Bad request - /test - undefined - 127.0.0.1',
  level: 'error',
  service: 'accubooks-backend',
  timestamp: '2025-11-25 18:52:56'
}
{
  message: '500 - Prisma error - /test - undefined - 127.0.0.1',
  level: 'error',
  service: 'accubooks-backend',
  timestamp: '2025-11-25 18:52:56'
}
{
  message: '500 - Invalid token - /test - undefined - 127.0.0.1',
  level: 'error',
  service: 'accubooks-backend',
  timestamp: '2025-11-25 18:52:56'
}
{
  message: '500 - Validation failed - /test - undefined - 127.0.0.1',
  level: 'error',
  service: 'accubooks-backend',
  timestamp: '2025-11-25 18:52:56'
}
{
  message: '500 - Test error - /test - undefined - 127.0.0.1',
  level: 'error',
  service: 'accubooks-backend',
  timestamp: '2025-11-25 18:52:56'
}
{
  message: '500 - Test error - /test - undefined - 127.0.0.1',
  level: 'error',
  service: 'accubooks-backend',
  timestamp: '2025-11-25 18:52:56'
}
{
  message: '400 - Bad request - /test - undefined - 127.0.0.1',
  level: 'error',
  service: 'accubooks-backend',
  timestamp: '2025-11-25 18:53:48'
}
{
  message: '500 - Prisma error - /test - undefined - 127.0.0.1',
  level: 'error',
  service: 'accubooks-backend',
  timestamp: '2025-11-25 18:53:48'
}
{
  message: '500 - Invalid token - /test - undefined - 127.0.0.1',
  level: 'error',
  service: 'accubooks-backend',
  timestamp: '2025-11-25 18:53:48'
}
{
  message: '500 - Validation failed - /test - undefined - 127.0.0.1',
  level: 'error',
  service: 'accubooks-backend',
  timestamp: '2025-11-25 18:53:48'
}
{
  message: '500 - Test error - /test - undefined - 127.0.0.1',
  level: 'error',
  service: 'accubooks-backend',
  timestamp: '2025-11-25 18:53:48'
}
{
  message: '500 - Test error - /test - undefined - 127.0.0.1',
  level: 'error',
  service: 'accubooks-backend',
  timestamp: '2025-11-25 18:53:48'
}
{
  message: '400 - Bad request - /test - undefined - 127.0.0.1',
  level: 'error',
  service: 'accubooks-backend',
  timestamp: '2025-11-25 18:55:15'
}
{
  message: '500 - Prisma error - /test - undefined - 127.0.0.1',
  level: 'error',
  service: 'accubooks-backend',
  timestamp: '2025-11-25 18:55:15'
}
{
  message: '500 - Invalid token - /test - undefined - 127.0.0.1',
  level: 'error',
  service: 'accubooks-backend',
  timestamp: '2025-11-25 18:55:15'
}
{
  message: '500 - Validation failed - /test - undefined - 127.0.0.1',
  level: 'error',
  service: 'accubooks-backend',
  timestamp: '2025-11-25 18:55:15'
}
{
  message: '500 - Test error - /test - undefined - 127.0.0.1',
  level: 'error',
  service: 'accubooks-backend',
  timestamp: '2025-11-25 18:55:15'
}
{
  message: '500 - Test error - /test - undefined - 127.0.0.1',
  level: 'error',
  service: 'accubooks-backend',
  timestamp: '2025-11-25 18:55:15'
}
{
  message: '400 - Bad request - /test - undefined - 127.0.0.1',
  level: 'error',
  service: 'accubooks-backend',
  timestamp: '2025-11-25 18:56:08'
}
{
  message: '500 - Prisma error - /test - undefined - 127.0.0.1',
  level: 'error',
  service: 'accubooks-backend',
  timestamp: '2025-11-25 18:56:08'
}
{
  message: '500 - Invalid token - /test - undefined - 127.0.0.1',
  level: 'error',
  service: 'accubooks-backend',
  timestamp: '2025-11-25 18:56:08'
}
{
  message: '500 - Validation failed - /test - undefined - 127.0.0.1',
  level: 'error',
  service: 'accubooks-backend',
  timestamp: '2025-11-25 18:56:08'
}
{
  message: '500 - Test error - /test - undefined - 127.0.0.1',
  level: 'error',
  service: 'accubooks-backend',
  timestamp: '2025-11-25 18:56:08'
}
{
  message: '500 - Test error - /test - undefined - 127.0.0.1',
  level: 'error',
  service: 'accubooks-backend',
  timestamp: '2025-11-25 18:56:08'
}
{
  message: '400 - Bad request - /test - undefined - 127.0.0.1',
  level: 'error',
  service: 'accubooks-backend',
  timestamp: '2025-11-25 18:57:02'
}
{
  message: '500 - Prisma error - /test - undefined - 127.0.0.1',
  level: 'error',
  service: 'accubooks-backend',
  timestamp: '2025-11-25 18:57:02'
}
{
  message: '500 - Invalid token - /test - undefined - 127.0.0.1',
  level: 'error',
  service: 'accubooks-backend',
  timestamp: '2025-11-25 18:57:02'
}
{
  message: '500 - Validation failed - /test - undefined - 127.0.0.1',
  level: 'error',
  service: 'accubooks-backend',
  timestamp: '2025-11-25 18:57:02'
}
{
  message: '500 - Test error - /test - undefined - 127.0.0.1',
  level: 'error',
  service: 'accubooks-backend',
  timestamp: '2025-11-25 18:57:02'
}
{
  message: '500 - Test error - /test - undefined - 127.0.0.1',
  level: 'error',
  service: 'accubooks-backend',
  timestamp: '2025-11-25 18:57:02'
}
{
  message: '400 - Bad request - /test - undefined - 127.0.0.1',
  level: 'error',
  service: 'accubooks-backend',
  timestamp: '2025-11-25 18:57:56'
}
{
  message: '500 - Prisma error - /test - undefined - 127.0.0.1',
  level: 'error',
  service: 'accubooks-backend',
  timestamp: '2025-11-25 18:57:56'
}
{
  message: '500 - Invalid token - /test - undefined - 127.0.0.1',
  level: 'error',
  service: 'accubooks-backend',
  timestamp: '2025-11-25 18:57:56'
}
{
  message: '500 - Validation failed - /test - undefined - 127.0.0.1',
  level: 'error',
  service: 'accubooks-backend',
  timestamp: '2025-11-25 18:57:56'
}
{
  message: '500 - Test error - /test - undefined - 127.0.0.1',
  level: 'error',
  service: 'accubooks-backend',
  timestamp: '2025-11-25 18:57:56'
}
{
  message: '500 - Test error - /test - undefined - 127.0.0.1',
  level: 'error',
  service: 'accubooks-backend',
  timestamp: '2025-11-25 18:57:56'
}
{
  message: '400 - Bad request - /test - undefined - 127.0.0.1',
  level: 'error',
  service: 'accubooks-backend',
  timestamp: '2025-11-25 18:58:58'
}
{
  message: '500 - Prisma error - /test - undefined - 127.0.0.1',
  level: 'error',
  service: 'accubooks-backend',
  timestamp: '2025-11-25 18:58:58'
}
{
  message: '500 - Invalid token - /test - undefined - 127.0.0.1',
  level: 'error',
  service: 'accubooks-backend',
  timestamp: '2025-11-25 18:58:58'
}
{
  message: '500 - Validation failed - /test - undefined - 127.0.0.1',
  level: 'error',
  service: 'accubooks-backend',
  timestamp: '2025-11-25 18:58:58'
}
{
  message: '500 - Test error - /test - undefined - 127.0.0.1',
  level: 'error',
  service: 'accubooks-backend',
  timestamp: '2025-11-25 18:58:58'
}
{
  message: '500 - Test error - /test - undefined - 127.0.0.1',
  level: 'error',
  service: 'accubooks-backend',
  timestamp: '2025-11-25 18:58:58'
}
{
  message: '400 - Bad request - /test - undefined - 127.0.0.1',
  level: 'error',
  service: 'accubooks-backend',
  timestamp: '2025-11-25 19:34:06'
}
{
  message: '500 - Prisma error - /test - undefined - 127.0.0.1',
  level: 'error',
  service: 'accubooks-backend',
  timestamp: '2025-11-25 19:34:06'
}
{
  message: '500 - Invalid token - /test - undefined - 127.0.0.1',
  level: 'error',
  service: 'accubooks-backend',
  timestamp: '2025-11-25 19:34:06'
}
{
  message: '500 - Validation failed - /test - undefined - 127.0.0.1',
  level: 'error',
  service: 'accubooks-backend',
  timestamp: '2025-11-25 19:34:06'
}
{
  message: '500 - Test error - /test - undefined - 127.0.0.1',
  level: 'error',
  service: 'accubooks-backend',
  timestamp: '2025-11-25 19:34:06'
}
{
  message: '500 - Test error - /test - undefined - 127.0.0.1',
  level: 'error',
  service: 'accubooks-backend',
  timestamp: '2025-11-25 19:34:06'
}
{
  message: '400 - Bad request - /test - undefined - 127.0.0.1',
  level: 'error',
  service: 'accubooks-backend',
  timestamp: '2025-11-25 19:34:56'
}
{
  message: '500 - Prisma error - /test - undefined - 127.0.0.1',
  level: 'error',
  service: 'accubooks-backend',
  timestamp: '2025-11-25 19:34:56'
}
{
  message: '500 - Invalid token - /test - undefined - 127.0.0.1',
  level: 'error',
  service: 'accubooks-backend',
  timestamp: '2025-11-25 19:34:56'
}
{
  message: '500 - Validation failed - /test - undefined - 127.0.0.1',
  level: 'error',
  service: 'accubooks-backend',
  timestamp: '2025-11-25 19:34:56'
}
{
  message: '500 - Test error - /test - undefined - 127.0.0.1',
  level: 'error',
  service: 'accubooks-backend',
  timestamp: '2025-11-25 19:34:56'
}
{
  message: '500 - Test error - /test - undefined - 127.0.0.1',
  level: 'error',
  service: 'accubooks-backend',
  timestamp: '2025-11-25 19:34:56'
}
{
  message: '400 - Bad request - /test - undefined - 127.0.0.1',
  level: 'error',
  service: 'accubooks-backend',
  timestamp: '2025-11-25 19:36:37'
}
{
  message: '500 - Prisma error - /test - undefined - 127.0.0.1',
  level: 'error',
  service: 'accubooks-backend',
  timestamp: '2025-11-25 19:36:37'
}
{
  message: '500 - Invalid token - /test - undefined - 127.0.0.1',
  level: 'error',
  service: 'accubooks-backend',
  timestamp: '2025-11-25 19:36:37'
}
{
  message: '500 - Validation failed - /test - undefined - 127.0.0.1',
  level: 'error',
  service: 'accubooks-backend',
  timestamp: '2025-11-25 19:36:37'
}
{
  message: '500 - Test error - /test - undefined - 127.0.0.1',
  level: 'error',
  service: 'accubooks-backend',
  timestamp: '2025-11-25 19:36:37'
}
{
  message: '500 - Test error - /test - undefined - 127.0.0.1',
  level: 'error',
  service: 'accubooks-backend',
  timestamp: '2025-11-25 19:36:37'
}
{
  message: '400 - Bad request - /test - undefined - 127.0.0.1',
  level: 'error',
  service: 'accubooks-backend',
  timestamp: '2025-11-25 19:37:03'
}
{
  message: '500 - Prisma error - /test - undefined - 127.0.0.1',
  level: 'error',
  service: 'accubooks-backend',
  timestamp: '2025-11-25 19:37:03'
}
{
  message: '500 - Invalid token - /test - undefined - 127.0.0.1',
  level: 'error',
  service: 'accubooks-backend',
  timestamp: '2025-11-25 19:37:03'
}
{
  message: '500 - Validation failed - /test - undefined - 127.0.0.1',
  level: 'error',
  service: 'accubooks-backend',
  timestamp: '2025-11-25 19:37:03'
}
{
  message: '500 - Test error - /test - undefined - 127.0.0.1',
  level: 'error',
  service: 'accubooks-backend',
  timestamp: '2025-11-25 19:37:03'
}
{
  message: '500 - Test error - /test - undefined - 127.0.0.1',
  level: 'error',
  service: 'accubooks-backend',
  timestamp: '2025-11-25 19:37:03'
}
{
  message: '400 - Bad request - /test - undefined - 127.0.0.1',
  level: 'error',
  service: 'accubooks-backend',
  timestamp: '2025-11-25 19:37:31'
}
{
  message: '500 - Prisma error - /test - undefined - 127.0.0.1',
  level: 'error',
  service: 'accubooks-backend',
  timestamp: '2025-11-25 19:37:31'
}
{
  message: '500 - Invalid token - /test - undefined - 127.0.0.1',
  level: 'error',
  service: 'accubooks-backend',
  timestamp: '2025-11-25 19:37:31'
}
{
  message: '500 - Validation failed - /test - undefined - 127.0.0.1',
  level: 'error',
  service: 'accubooks-backend',
  timestamp: '2025-11-25 19:37:31'
}
{
  message: '500 - Test error - /test - undefined - 127.0.0.1',
  level: 'error',
  service: 'accubooks-backend',
  timestamp: '2025-11-25 19:37:31'
}
{
  message: '500 - Test error - /test - undefined - 127.0.0.1',
  level: 'error',
  service: 'accubooks-backend',
  timestamp: '2025-11-25 19:37:31'
}
{
  message: '400 - Bad request - /test - undefined - 127.0.0.1',
  level: 'error',
  service: 'accubooks-backend',
  timestamp: '2025-11-25 21:37:53'
}
{
  message: '500 - Prisma error - /test - undefined - 127.0.0.1',
  level: 'error',
  service: 'accubooks-backend',
  timestamp: '2025-11-25 21:37:53'
}
{
  message: '500 - Invalid token - /test - undefined - 127.0.0.1',
  level: 'error',
  service: 'accubooks-backend',
  timestamp: '2025-11-25 21:37:53'
}
{
  message: '500 - Validation failed - /test - undefined - 127.0.0.1',
  level: 'error',
  service: 'accubooks-backend',
  timestamp: '2025-11-25 21:37:53'
}
{
  message: '500 - Test error - /test - undefined - 127.0.0.1',
  level: 'error',
  service: 'accubooks-backend',
  timestamp: '2025-11-25 21:37:53'
}
{
  message: '500 - Test error - /test - undefined - 127.0.0.1',
  level: 'error',
  service: 'accubooks-backend',
  timestamp: '2025-11-25 21:37:53'
}
{
  message: '400 - Bad request - /test - undefined - 127.0.0.1',
  level: 'error',
  service: 'accubooks-backend',
  timestamp: '2025-11-26 11:20:06'
}
{
  message: '500 - Prisma error - /test - undefined - 127.0.0.1',
  level: 'error',
  service: 'accubooks-backend',
  timestamp: '2025-11-26 11:20:06'
}
{
  message: '500 - Invalid token - /test - undefined - 127.0.0.1',
  level: 'error',
  service: 'accubooks-backend',
  timestamp: '2025-11-26 11:20:06'
}
{
  message: '500 - Validation failed - /test - undefined - 127.0.0.1',
  level: 'error',
  service: 'accubooks-backend',
  timestamp: '2025-11-26 11:20:06'
}
{
  message: '500 - Test error - /test - undefined - 127.0.0.1',
  level: 'error',
  service: 'accubooks-backend',
  timestamp: '2025-11-26 11:20:06'
}
{
  message: '500 - Test error - /test - undefined - 127.0.0.1',
  level: 'error',
  service: 'accubooks-backend',
  timestamp: '2025-11-26 11:20:06'
}
{
  message: '400 - Bad request - /test - undefined - 127.0.0.1',
  level: 'error',
  service: 'accubooks-backend',
  timestamp: '2025-11-26 11:20:41'
}
{
  message: '500 - Prisma error - /test - undefined - 127.0.0.1',
  level: 'error',
  service: 'accubooks-backend',
  timestamp: '2025-11-26 11:20:41'
}
{
  message: '500 - Invalid token - /test - undefined - 127.0.0.1',
  level: 'error',
  service: 'accubooks-backend',
  timestamp: '2025-11-26 11:20:41'
}
{
  message: '500 - Validation failed - /test - undefined - 127.0.0.1',
  level: 'error',
  service: 'accubooks-backend',
  timestamp: '2025-11-26 11:20:41'
}
{
  message: '500 - Test error - /test - undefined - 127.0.0.1',
  level: 'error',
  service: 'accubooks-backend',
  timestamp: '2025-11-26 11:20:41'
}
{
  message: '500 - Test error - /test - undefined - 127.0.0.1',
  level: 'error',
  service: 'accubooks-backend',
  timestamp: '2025-11-26 11:20:41'
}
{
  message: '400 - Bad request - /test - undefined - 127.0.0.1',
  level: 'error',
  service: 'accubooks-backend',
  timestamp: '2025-11-29 11:39:30'
}
{
  message: '500 - Prisma error - /test - undefined - 127.0.0.1',
  level: 'error',
  service: 'accubooks-backend',
  timestamp: '2025-11-29 11:39:30'
}
{
  message: '500 - Invalid token - /test - undefined - 127.0.0.1',
  level: 'error',
  service: 'accubooks-backend',
  timestamp: '2025-11-29 11:39:30'
}
{
  message: '500 - Validation failed - /test - undefined - 127.0.0.1',
  level: 'error',
  service: 'accubooks-backend',
  timestamp: '2025-11-29 11:39:30'
}
{
  message: '500 - Test error - /test - undefined - 127.0.0.1',
  level: 'error',
  service: 'accubooks-backend',
  timestamp: '2025-11-29 11:39:30'
}
{
  message: '500 - Test error - /test - undefined - 127.0.0.1',
  level: 'error',
  service: 'accubooks-backend',
  timestamp: '2025-11-29 11:39:30'
}
{
  message: '400 - Bad request - /test - undefined - 127.0.0.1',
  level: 'error',
  service: 'accubooks-backend',
  timestamp: '2025-11-29 11:43:10'
}
{
  message: '500 - Prisma error - /test - undefined - 127.0.0.1',
  level: 'error',
  service: 'accubooks-backend',
  timestamp: '2025-11-29 11:43:10'
}
{
  message: '500 - Invalid token - /test - undefined - 127.0.0.1',
  level: 'error',
  service: 'accubooks-backend',
  timestamp: '2025-11-29 11:43:10'
}
{
  message: '500 - Validation failed - /test - undefined - 127.0.0.1',
  level: 'error',
  service: 'accubooks-backend',
  timestamp: '2025-11-29 11:43:10'
}
{
  message: '500 - Test error - /test - undefined - 127.0.0.1',
  level: 'error',
  service: 'accubooks-backend',
  timestamp: '2025-11-29 11:43:10'
}
{
  message: '500 - Test error - /test - undefined - 127.0.0.1',
  level: 'error',
  service: 'accubooks-backend',
  timestamp: '2025-11-29 11:43:10'
}
{
  message: '400 - Bad request - /test - undefined - 127.0.0.1',
  level: 'error',
  service: 'accubooks-backend',
  timestamp: '2025-11-29 11:44:05'
}
{
  message: '500 - Prisma error - /test - undefined - 127.0.0.1',
  level: 'error',
  service: 'accubooks-backend',
  timestamp: '2025-11-29 11:44:05'
}
{
  message: '500 - Invalid token - /test - undefined - 127.0.0.1',
  level: 'error',
  service: 'accubooks-backend',
  timestamp: '2025-11-29 11:44:05'
}
{
  message: '500 - Validation failed - /test - undefined - 127.0.0.1',
  level: 'error',
  service: 'accubooks-backend',
  timestamp: '2025-11-29 11:44:05'
}
{
  message: '500 - Test error - /test - undefined - 127.0.0.1',
  level: 'error',
  service: 'accubooks-backend',
  timestamp: '2025-11-29 11:44:05'
}
{
  message: '500 - Test error - /test - undefined - 127.0.0.1',
  level: 'error',
  service: 'accubooks-backend',
  timestamp: '2025-11-29 11:44:05'
}
{
  message: '400 - Bad request - /test - undefined - 127.0.0.1',
  level: 'error',
  service: 'accubooks-backend',
  timestamp: '2025-11-29 11:45:01'
}
{
  message: '500 - Prisma error - /test - undefined - 127.0.0.1',
  level: 'error',
  service: 'accubooks-backend',
  timestamp: '2025-11-29 11:45:01'
}
{
  message: '500 - Invalid token - /test - undefined - 127.0.0.1',
  level: 'error',
  service: 'accubooks-backend',
  timestamp: '2025-11-29 11:45:01'
}
{
  message: '500 - Validation failed - /test - undefined - 127.0.0.1',
  level: 'error',
  service: 'accubooks-backend',
  timestamp: '2025-11-29 11:45:01'
}
{
  message: '500 - Test error - /test - undefined - 127.0.0.1',
  level: 'error',
  service: 'accubooks-backend',
  timestamp: '2025-11-29 11:45:01'
}
{
  message: '500 - Test error - /test - undefined - 127.0.0.1',
  level: 'error',
  service: 'accubooks-backend',
  timestamp: '2025-11-29 11:45:01'
}
{
  message: '400 - Bad request - /test - undefined - 127.0.0.1',
  level: 'error',
  service: 'accubooks-backend',
  timestamp: '2025-11-29 11:46:18'
}
{
  message: '500 - Prisma error - /test - undefined - 127.0.0.1',
  level: 'error',
  service: 'accubooks-backend',
  timestamp: '2025-11-29 11:46:18'
}
{
  message: '500 - Invalid token - /test - undefined - 127.0.0.1',
  level: 'error',
  service: 'accubooks-backend',
  timestamp: '2025-11-29 11:46:18'
}
{
  message: '500 - Validation failed - /test - undefined - 127.0.0.1',
  level: 'error',
  service: 'accubooks-backend',
  timestamp: '2025-11-29 11:46:18'
}
{
  message: '500 - Test error - /test - undefined - 127.0.0.1',
  level: 'error',
  service: 'accubooks-backend',
  timestamp: '2025-11-29 11:46:18'
}
{
  message: '500 - Test error - /test - undefined - 127.0.0.1',
  level: 'error',
  service: 'accubooks-backend',
  timestamp: '2025-11-29 11:46:18'
}
{
  message: '400 - Bad request - /test - undefined - 127.0.0.1',
  level: 'error',
  service: 'accubooks-backend',
  timestamp: '2025-11-30 11:53:45'
}
{
  message: '500 - Prisma error - /test - undefined - 127.0.0.1',
  level: 'error',
  service: 'accubooks-backend',
  timestamp: '2025-11-30 11:53:45'
}
{
  message: '500 - Invalid token - /test - undefined - 127.0.0.1',
  level: 'error',
  service: 'accubooks-backend',
  timestamp: '2025-11-30 11:53:45'
}
{
  message: '500 - Validation failed - /test - undefined - 127.0.0.1',
  level: 'error',
  service: 'accubooks-backend',
  timestamp: '2025-11-30 11:53:45'
}
{
  message: '500 - Test error - /test - undefined - 127.0.0.1',
  level: 'error',
  service: 'accubooks-backend',
  timestamp: '2025-11-30 11:53:45'
}
{
  message: '500 - Test error - /test - undefined - 127.0.0.1',
  level: 'error',
  service: 'accubooks-backend',
  timestamp: '2025-11-30 11:53:45'
}
{
  message: '400 - Bad request - /test - undefined - 127.0.0.1',
  level: 'error',
  service: 'accubooks-backend',
  timestamp: '2025-11-30 11:53:55'
}
{
  message: '500 - Prisma error - /test - undefined - 127.0.0.1',
  level: 'error',
  service: 'accubooks-backend',
  timestamp: '2025-11-30 11:53:55'
}
{
  message: '500 - Invalid token - /test - undefined - 127.0.0.1',
  level: 'error',
  service: 'accubooks-backend',
  timestamp: '2025-11-30 11:53:55'
}
{
  message: '500 - Validation failed - /test - undefined - 127.0.0.1',
  level: 'error',
  service: 'accubooks-backend',
  timestamp: '2025-11-30 11:53:55'
}
{
  message: '500 - Test error - /test - undefined - 127.0.0.1',
  level: 'error',
  service: 'accubooks-backend',
  timestamp: '2025-11-30 11:53:55'
}
{
  message: '500 - Test error - /test - undefined - 127.0.0.1',
  level: 'error',
  service: 'accubooks-backend',
  timestamp: '2025-11-30 11:53:55'
}
{
  type: 'INFO',
  message: 'Redis connected',
  details: { host: 'localhost' },
  level: 'info',
  service: 'accubooks-backend',
  timestamp: '2025-12-03 11:52:14'
}
{
  service: 'accubooks-backend',
  port: 3001,
  environment: 'development',
  nodeVersion: 'v20.19.5',
  level: 'info',
  message: 'Server starting up',
  timestamp: '2025-12-03 11:52:14'
}
{
  type: 'INFO',
  message: 'Redis connected',
  details: { host: 'localhost' },
  level: 'info',
  service: 'accubooks-backend',
  timestamp: '2025-12-03 11:52:36'
}
{
  service: 'accubooks-backend',
  port: 3001,
  environment: 'development',
  nodeVersion: 'v20.19.5',
  level: 'info',
  message: 'Server starting up',
  timestamp: '2025-12-03 11:52:36'
}
{
  type: 'INFO',
  message: 'Redis connected',
  details: { host: 'localhost' },
  level: 'info',
  service: 'accubooks-backend',
  timestamp: '2025-12-03 11:52:47'
}
{
  service: 'accubooks-backend',
  port: 3001,
  environment: 'development',
  nodeVersion: 'v20.19.5',
  level: 'info',
  message: 'Server starting up',
  timestamp: '2025-12-03 11:52:47'
}
{
  type: 'INFO',
  message: 'Redis connected',
  details: { host: 'localhost' },
  level: 'info',
  service: 'accubooks-backend',
  timestamp: '2025-12-03 11:52:56'
}
{
  service: 'accubooks-backend',
  port: 3001,
  environment: 'development',
  nodeVersion: 'v20.19.5',
  level: 'info',
  message: 'Server starting up',
  timestamp: '2025-12-03 11:52:56'
}
{
  type: 'INFO',
  message: 'Redis connected',
  details: { host: 'localhost' },
  level: 'info',
  service: 'accubooks-backend',
  timestamp: '2025-12-03 11:53:04'
}
{
  service: 'accubooks-backend',
  port: 3001,
  environment: 'development',
  nodeVersion: 'v20.19.5',
  level: 'info',
  message: 'Server starting up',
  timestamp: '2025-12-03 11:53:04'
}
{
  type: 'INFO',
  message: 'Redis connected',
  details: { host: 'localhost' },
  level: 'info',
  service: 'accubooks-backend',
  timestamp: '2025-12-03 11:53:27'
}
{
  service: 'accubooks-backend',
  port: 3001,
  environment: 'development',
  nodeVersion: 'v20.19.5',
  level: 'info',
  message: 'Server starting up',
  timestamp: '2025-12-03 11:53:27'
}
{
  type: 'INFO',
  message: 'Redis connected',
  details: { host: 'localhost' },
  level: 'info',
  service: 'accubooks-backend',
  timestamp: '2025-12-03 12:02:36'
}
{
  service: 'accubooks-backend',
  port: 3001,
  environment: 'development',
  nodeVersion: 'v20.19.5',
  level: 'info',
  message: 'Server starting up',
  timestamp: '2025-12-03 12:02:36'
}
{
  type: 'INFO',
  message: 'Redis connected',
  details: { host: 'localhost' },
  level: 'info',
  service: 'accubooks-backend',
  timestamp: '2025-12-03 12:03:03'
}
{
  service: 'accubooks-backend',
  port: 3001,
  environment: 'development',
  nodeVersion: 'v20.19.5',
  level: 'info',
  message: 'Server starting up',
  timestamp: '2025-12-03 12:03:03'
}
{
  type: 'INFO',
  message: 'Redis connected',
  details: { host: 'localhost' },
  level: 'info',
  service: 'accubooks-backend',
  timestamp: '2025-12-03 12:03:10'
}
{
  service: 'accubooks-backend',
  port: 3001,
  environment: 'development',
  nodeVersion: 'v20.19.5',
  level: 'info',
  message: 'Server starting up',
  timestamp: '2025-12-03 12:03:10'
}
{
  type: 'INFO',
  message: 'Redis connected',
  details: { host: 'localhost' },
  level: 'info',
  service: 'accubooks-backend',
  timestamp: '2025-12-03 12:03:18'
}
{
  service: 'accubooks-backend',
  port: 3001,
  environment: 'development',
  nodeVersion: 'v20.19.5',
  level: 'info',
  message: 'Server starting up',
  timestamp: '2025-12-03 12:03:18'
}
{
  type: 'INFO',
  message: 'Redis connected',
  details: { host: 'localhost' },
  level: 'info',
  service: 'accubooks-backend',
  timestamp: '2025-12-03 12:03:26'
}
{
  service: 'accubooks-backend',
  port: 3001,
  environment: 'development',
  nodeVersion: 'v20.19.5',
  level: 'info',
  message: 'Server starting up',
  timestamp: '2025-12-03 12:03:26'
}
{
  type: 'INFO',
  message: 'Redis connected',
  details: { host: 'localhost' },
  level: 'info',
  service: 'accubooks-backend',
  timestamp: '2025-12-03 22:36:48'
}
{
  service: 'accubooks-backend',
  port: 3001,
  environment: 'development',
  nodeVersion: 'v20.19.5',
  level: 'info',
  message: 'Server starting up',
  timestamp: '2025-12-03 22:36:48'
}
{
  type: 'INFO',
  message: 'Redis connected',
  details: { host: 'localhost' },
  level: 'info',
  service: 'accubooks-backend',
  timestamp: '2025-12-03 22:41:19'
}
{
  service: 'accubooks-backend',
  port: 3001,
  environment: 'development',
  nodeVersion: 'v20.19.5',
  level: 'info',
  message: 'Server starting up',
  timestamp: '2025-12-03 22:41:19'
}
{
  type: 'INFO',
  message: 'Redis connected',
  details: { host: 'localhost' },
  level: 'info',
  service: 'accubooks-backend',
  timestamp: '2025-12-03 22:42:11'
}
{
  type: 'INFO',
  message: 'Redis connected',
  details: { host: 'localhost' },
  level: 'info',
  service: 'accubooks-backend',
  timestamp: '2025-12-03 22:42:11'
}
{
  service: 'accubooks-backend',
  port: 3001,
  environment: 'development',
  nodeVersion: 'v20.19.5',
  level: 'info',
  message: 'Server starting up',
  timestamp: '2025-12-03 22:42:11'
}
{
  service: 'accubooks-backend',
  port: 3001,
  environment: 'development',
  nodeVersion: 'v20.19.5',
  level: 'info',
  message: 'Server starting up',
  timestamp: '2025-12-03 22:42:11'
}
{
  type: 'INFO',
  message: 'Redis connected',
  details: { host: 'localhost' },
  level: 'info',
  service: 'accubooks-backend',
  timestamp: '2025-12-03 23:03:21'
}
{
  service: 'accubooks-backend',
  port: 3001,
  environment: 'development',
  nodeVersion: 'v20.19.5',
  level: 'info',
  message: 'Server starting up',
  timestamp: '2025-12-03 23:03:21'
}
{
  type: 'INFO',
  message: 'Redis connected',
  details: { host: 'localhost' },
  level: 'info',
  service: 'accubooks-backend',
  timestamp: '2025-12-03 23:03:21'
}
{
  service: 'accubooks-backend',
  port: 3001,
  environment: 'development',
  nodeVersion: 'v20.19.5',
  level: 'info',
  message: 'Server starting up',
  timestamp: '2025-12-03 23:03:21'
}
{
  type: 'INFO',
  message: 'Redis connected',
  details: { host: 'localhost' },
  level: 'info',
  service: 'accubooks-backend',
  timestamp: '2025-12-03 23:03:28'
}
{
  service: 'accubooks-backend',
  port: 3001,
  environment: 'development',
  nodeVersion: 'v20.19.5',
  level: 'info',
  message: 'Server starting up',
  timestamp: '2025-12-03 23:03:28'
}
{
  type: 'INFO',
  message: 'Redis connected',
  details: { host: 'localhost' },
  level: 'info',
  service: 'accubooks-backend',
  timestamp: '2025-12-03 23:03:28'
}
{
  service: 'accubooks-backend',
  port: 3001,
  environment: 'development',
  nodeVersion: 'v20.19.5',
  level: 'info',
  message: 'Server starting up',
  timestamp: '2025-12-03 23:03:28'
}
{
  type: 'INFO',
  message: 'Redis connected',
  details: { host: 'localhost' },
  level: 'info',
  service: 'accubooks-backend',
  timestamp: '2025-12-03 23:04:36'
}
{
  service: 'accubooks-backend',
  port: 3001,
  environment: 'development',
  nodeVersion: 'v20.19.5',
  level: 'info',
  message: 'Server starting up',
  timestamp: '2025-12-03 23:04:36'
}
{
  type: 'INFO',
  message: 'Redis connected',
  details: { host: 'localhost' },
  level: 'info',
  service: 'accubooks-backend',
  timestamp: '2025-12-03 23:04:37'
}
{
  service: 'accubooks-backend',
  port: 3001,
  environment: 'development',
  nodeVersion: 'v20.19.5',
  level: 'info',
  message: 'Server starting up',
  timestamp: '2025-12-03 23:04:37'
}
{
  type: 'INFO',
  message: 'Redis connected',
  details: { host: 'localhost' },
  level: 'info',
  service: 'accubooks-backend',
  timestamp: '2025-12-03 23:04:44'
}
{
  service: 'accubooks-backend',
  port: 3001,
  environment: 'development',
  nodeVersion: 'v20.19.5',
  level: 'info',
  message: 'Server starting up',
  timestamp: '2025-12-03 23:04:44'
}
{
  type: 'INFO',
  message: 'Redis connected',
  details: { host: 'localhost' },
  level: 'info',
  service: 'accubooks-backend',
  timestamp: '2025-12-03 23:04:44'
}
{
  service: 'accubooks-backend',
  port: 3001,
  environment: 'development',
  nodeVersion: 'v20.19.5',
  level: 'info',
  message: 'Server starting up',
  timestamp: '2025-12-03 23:04:44'
}
{
  type: 'INFO',
  message: 'Redis connected',
  details: { host: 'localhost' },
  level: 'info',
  service: 'accubooks-backend',
  timestamp: '2025-12-03 23:04:51'
}
{
  service: 'accubooks-backend',
  port: 3001,
  environment: 'development',
  nodeVersion: 'v20.19.5',
  level: 'info',
  message: 'Server starting up',
  timestamp: '2025-12-03 23:04:51'
}
{
  type: 'INFO',
  message: 'Redis connected',
  details: { host: 'localhost' },
  level: 'info',
  service: 'accubooks-backend',
  timestamp: '2025-12-03 23:04:51'
}
{
  service: 'accubooks-backend',
  port: 3001,
  environment: 'development',
  nodeVersion: 'v20.19.5',
  level: 'info',
  message: 'Server starting up',
  timestamp: '2025-12-03 23:04:51'
}
{
  type: 'INFO',
  message: 'Redis connected',
  details: { host: 'localhost' },
  level: 'info',
  service: 'accubooks-backend',
  timestamp: '2025-12-03 23:19:33'
}
{
  service: 'accubooks-backend',
  port: 3001,
  environment: 'development',
  nodeVersion: 'v20.19.5',
  level: 'info',
  message: 'Server starting up',
  timestamp: '2025-12-03 23:19:33'
}
{
  type: 'INFO',
  message: 'Redis connected',
  details: { host: 'localhost' },
  level: 'info',
  service: 'accubooks-backend',
  timestamp: '2025-12-03 23:19:33'
}
{
  service: 'accubooks-backend',
  port: 3001,
  environment: 'development',
  nodeVersion: 'v20.19.5',
  level: 'info',
  message: 'Server starting up',
  timestamp: '2025-12-03 23:19:33'
}
{
  type: 'INFO',
  message: 'Redis connected',
  details: { host: 'localhost' },
  level: 'info',
  service: 'accubooks-backend',
  timestamp: '2025-12-03 23:19:40'
}
{
  service: 'accubooks-backend',
  port: 3001,
  environment: 'development',
  nodeVersion: 'v20.19.5',
  level: 'info',
  message: 'Server starting up',
  timestamp: '2025-12-03 23:19:40'
}
{
  type: 'INFO',
  message: 'Redis connected',
  details: { host: 'localhost' },
  level: 'info',
  service: 'accubooks-backend',
  timestamp: '2025-12-03 23:19:40'
}
{
  service: 'accubooks-backend',
  port: 3001,
  environment: 'development',
  nodeVersion: 'v20.19.5',
  level: 'info',
  message: 'Server starting up',
  timestamp: '2025-12-03 23:19:40'
}
{
  type: 'INFO',
  message: 'Redis connected',
  details: { host: 'localhost' },
  level: 'info',
  service: 'accubooks-backend',
  timestamp: '2025-12-03 23:21:20'
}
{
  service: 'accubooks-backend',
  port: 3001,
  environment: 'development',
  nodeVersion: 'v20.19.5',
  level: 'info',
  message: 'Server starting up',
  timestamp: '2025-12-03 23:21:20'
}
{
  type: 'INFO',
  message: 'Redis connected',
  details: { host: 'localhost' },
  level: 'info',
  service: 'accubooks-backend',
  timestamp: '2025-12-03 23:21:20'
}
{
  service: 'accubooks-backend',
  port: 3001,
  environment: 'development',
  nodeVersion: 'v20.19.5',
  level: 'info',
  message: 'Server starting up',
  timestamp: '2025-12-03 23:21:20'
}
