[0;34m========================================[0m
[0;34mACCUBOOKS PHASE 2 MONITORING DEPLOYMENT[0m
[0;34m========================================[0m
Started: Mon Feb  2 02:10:54 PST 2026


[0;34m[1/8] Checking Prerequisites[0m
================================
[0;32m✓[0m Node.js installed: v20.20.0
[0;32m✓[0m npm installed: 10.8.2
[0;32m✓[0m curl installed
[0;32m✓[0m wget installed
[0;32m✓[0m sudo access available
[0;32m✓[0m Port 5000 is available
[0;32m✓[0m Port 3000 is available
[0;32m✓[0m Port 9090 is available
[0;32m✓[0m Port 9093 is available
[0;32m✓[0m All prerequisites met

[0;34m[2/8] Starting AccuBooks Backend[0m
================================
[0;32m✓[0m Backend dependencies already installed
[0;34mℹ[0m Starting backend on port 5000...
[0;34mℹ[0m Waiting for backend to start...
[0;31m✗[0m Backend failed to start within 30 seconds
[0;34mℹ[0m Check logs: /mnt/c/FidiMyProjects2025/Software_Projects/AccuBooks/AccuBooks/backend.log
[0;34m========================================[0m
[0;34mACCUBOOKS PHASE 2 MONITORING DEPLOYMENT[0m
[0;34m========================================[0m
Started: Mon Feb  2 02:23:32 PST 2026


[0;34m[1/8] Checking Prerequisites[0m
================================
[0;32m✓[0m Node.js installed: v20.20.0
[0;32m✓[0m npm installed: 10.8.2
[0;32m✓[0m curl installed
[0;32m✓[0m wget installed
[0;32m✓[0m sudo access available
[0;32m✓[0m Port 5000 is available
[0;32m✓[0m Port 3000 is available
[0;32m✓[0m Port 9090 is available
[0;32m✓[0m Port 9093 is available
[0;32m✓[0m All prerequisites met

[0;34m[2/8] Starting AccuBooks Backend[0m
================================
[0;32m✓[0m Backend dependencies already installed
[0;34mℹ[0m Starting backend on port 5000...
[0;34mℹ[0m Waiting for backend to start...
[0;31m✗[0m Backend failed to start within 30 seconds
[0;34mℹ[0m Check logs: /mnt/c/FidiMyProjects2025/Software_Projects/AccuBooks/AccuBooks/backend.log
[0;34m========================================[0m
[0;34mACCUBOOKS PHASE 2 MONITORING DEPLOYMENT[0m
[0;34m========================================[0m
Started: Mon Feb  2 02:27:23 PST 2026


[0;34m[1/8] Checking Prerequisites[0m
================================
[0;32m✓[0m Node.js installed: v20.20.0
[0;32m✓[0m npm installed: 10.8.2
[0;32m✓[0m curl installed
[0;32m✓[0m wget installed
[0;32m✓[0m sudo access available
[0;32m✓[0m Port 5000 is available
[0;32m✓[0m Port 3000 is available
[0;32m✓[0m Port 9090 is available
[0;32m✓[0m Port 9093 is available
[0;32m✓[0m All prerequisites met

[0;34m[2/8] Starting AccuBooks Backend[0m
================================
[0;32m✓[0m Backend dependencies already installed
[0;34mℹ[0m Starting backend on port 5000...
[0;34mℹ[0m Waiting for backend to start...
[0;31m✗[0m Backend failed to start within 30 seconds
[0;34mℹ[0m Check logs: /mnt/c/FidiMyProjects2025/Software_Projects/AccuBooks/AccuBooks/backend.log
[0;34m========================================[0m
[0;34mACCUBOOKS PHASE 2 MONITORING DEPLOYMENT[0m
[0;34m========================================[0m
Started: Mon Feb  2 12:00:34 PST 2026


[0;34m[1/8] Checking Prerequisites[0m
================================
[0;32m✓[0m Node.js installed: v20.20.0
[0;32m✓[0m npm installed: 10.8.2
[0;32m✓[0m curl installed
[0;32m✓[0m wget installed
[0;32m✓[0m sudo access available
[0;32m✓[0m Port 5000 is available
[0;32m✓[0m Port 3000 is available
[0;32m✓[0m Port 9090 is available
[0;32m✓[0m Port 9093 is available
[0;32m✓[0m All prerequisites met

[0;34m[2/8] Starting AccuBooks Backend[0m
================================
[0;32m✓[0m Backend dependencies already installed
[0;34mℹ[0m Starting backend on port 5000...
[0;34mℹ[0m Waiting for backend to start...
[0;31m✗[0m Backend failed to start within 30 seconds
[0;34mℹ[0m Check logs: /mnt/c/FidiMyProjects2025/Software_Projects/AccuBooks/AccuBooks/backend.log
[0;34m========================================[0m
[0;34mACCUBOOKS PHASE 2 MONITORING DEPLOYMENT[0m
[0;34m========================================[0m
Started: Mon Feb  2 12:09:52 PST 2026


[0;34m[1/8] Checking Prerequisites[0m
================================
[0;32m✓[0m Node.js installed: v20.20.0
[0;32m✓[0m npm installed: 10.8.2
[0;32m✓[0m curl installed
[0;32m✓[0m wget installed
[0;32m✓[0m sudo access available
[0;32m✓[0m Port 5000 is available
[0;32m✓[0m Port 3000 is available
[0;32m✓[0m Port 9090 is available
[0;32m✓[0m Port 9093 is available
[0;32m✓[0m All prerequisites met

[0;34m[2/8] Starting AccuBooks Backend[0m
================================
[0;32m✓[0m Backend dependencies already installed
[0;34mℹ[0m Starting backend on port 5000...
[0;34mℹ[0m Waiting for backend to start...
[0;31m✗[0m Backend failed to start within 30 seconds
[0;34mℹ[0m Check logs: /mnt/c/FidiMyProjects2025/Software_Projects/AccuBooks/AccuBooks/backend.log
[0;34m========================================[0m
[0;34mACCUBOOKS PHASE 2 MONITORING DEPLOYMENT[0m
[0;34m========================================[0m
Started: Mon Feb  2 12:15:40 PST 2026


[0;34m[1/8] Checking Prerequisites[0m
================================
[0;32m✓[0m Node.js installed: v20.20.0
[0;32m✓[0m npm installed: 10.8.2
[0;32m✓[0m curl installed
[0;32m✓[0m wget installed
[0;32m✓[0m sudo access available
[0;32m✓[0m Port 5000 is available
[0;32m✓[0m Port 3000 is available
[0;32m✓[0m Port 9090 is available
[0;32m✓[0m Port 9093 is available
[0;32m✓[0m All prerequisites met

[0;34m[2/8] Starting AccuBooks Backend[0m
================================
[0;32m✓[0m Backend dependencies already installed
[0;34mℹ[0m Starting backend on port 5000...
[0;34mℹ[0m Waiting for backend to start...
[0;31m✗[0m Backend failed to start within 30 seconds
[0;34mℹ[0m Check logs: /mnt/c/FidiMyProjects2025/Software_Projects/AccuBooks/AccuBooks/backend.log
[0;34m========================================[0m
[0;34mACCUBOOKS PHASE 2 MONITORING DEPLOYMENT[0m
[0;34m========================================[0m
Started: Mon Feb  2 12:48:58 PST 2026


[0;34m[1/8] Checking Prerequisites[0m
================================
[0;32m✓[0m Node.js installed: v20.20.0
[0;32m✓[0m npm installed: 10.8.2
[0;32m✓[0m curl installed
[0;32m✓[0m wget installed
[0;32m✓[0m sudo access available
[0;32m✓[0m Port 5000 is available
[0;32m✓[0m Port 3000 is available
[0;32m✓[0m Port 9090 is available
[0;32m✓[0m Port 9093 is available
[0;32m✓[0m All prerequisites met

[0;34m[2/8] Starting AccuBooks Backend[0m
================================
[0;32m✓[0m Backend dependencies already installed
[0;34mℹ[0m Starting backend on port 5000...
[0;34mℹ[0m Waiting for backend to start...
[0;34mℹ[0m Still waiting... (10/60s)
[0;34mℹ[0m Still waiting... (20/60s)
[0;34mℹ[0m Still waiting... (30/60s)
[0;34mℹ[0m Still waiting... (40/60s)
[0;34mℹ[0m Still waiting... (50/60s)
[0;34mℹ[0m Still waiting... (60/60s)
[0;31m✗[0m Backend failed to start within 60 seconds
[0;34mℹ[0m Check logs: /mnt/c/FidiMyProjects2025/Software_Projects/AccuBooks/AccuBooks/backend.log

[0;34mℹ[0m Last 20 lines of backend.log:

> accubooks-enterprise@1.0.0 start:dev
> cross-env NODE_ENV=development nodemon --exec tsx server/index.ts

[33m[nodemon] 3.1.10[39m
[33m[nodemon] to restart at any time, enter `rs`[39m
[33m[nodemon] watching path(s): *.*[39m
[33m[nodemon] watching extensions: ts,json[39m
[32m[nodemon] starting `tsx server/index.ts`[39m
[dotenv@17.2.3] injecting env (131) from .env -- tip: ⚙️  enable debug logging with { debug: true }
[2026-02-02T20:49:17.609Z] ERROR: Uncaught exception [type=uncaught_exception]
ReferenceError: require is not defined in ES module scope, you can use import instead
    at createApp (/mnt/c/FidiMyProjects2025/Software_Projects/AccuBooks/AccuBooks/server/app.ts:91:36)
    at <anonymous> (/mnt/c/FidiMyProjects2025/Software_Projects/AccuBooks/AccuBooks/server/app.ts:97:20)
    at ModuleJob.run (node:internal/modules/esm/module_job:325:25)
    at async ModuleLoader.import (node:internal/modules/esm/loader:606:24)
    at async asyncRunEntryPointWithESMLoader (node:internal/modules/run_main:117:5)
[32m[nodemon] clean exit - waiting for changes before restart[39m
[0;34m========================================[0m
[0;34mACCUBOOKS PHASE 2 MONITORING DEPLOYMENT[0m
[0;34m========================================[0m
Started: Mon Feb  2 13:03:44 PST 2026


[0;34m[1/8] Checking Prerequisites[0m
================================
[0;32m✓[0m Node.js installed: v20.20.0
[0;32m✓[0m npm installed: 10.8.2
[0;32m✓[0m curl installed
[0;32m✓[0m wget installed
[0;32m✓[0m sudo access available
[0;32m✓[0m Port 5000 is available
[0;32m✓[0m Port 3000 is available
[0;32m✓[0m Port 9090 is available
[0;32m✓[0m Port 9093 is available
[0;32m✓[0m All prerequisites met

[0;34m[2/8] Starting AccuBooks Backend[0m
================================
[0;32m✓[0m Backend dependencies already installed
[0;34mℹ[0m Starting backend on port 5000...
[0;34mℹ[0m Waiting for backend to start...
[0;34mℹ[0m Still waiting... (10/60s)
[0;34mℹ[0m Still waiting... (20/60s)
[0;34mℹ[0m Still waiting... (30/60s)
[0;34mℹ[0m Still waiting... (40/60s)
[0;34mℹ[0m Still waiting... (50/60s)
[0;34mℹ[0m Still waiting... (60/60s)
[0;31m✗[0m Backend failed to start within 60 seconds
[0;34mℹ[0m Check logs: /mnt/c/FidiMyProjects2025/Software_Projects/AccuBooks/AccuBooks/backend.log

[0;34mℹ[0m Last 20 lines of backend.log:
Keep in mind that this means multiple copies of esbuild will be present.

Another alternative is to use the "esbuild-wasm" package instead, which works
the same way on all platforms. But it comes with a heavy performance cost and
can sometimes be 10x slower than the "esbuild" package, so you may also not
want to do that.

    at generateBinPath (/mnt/c/FidiMyProjects2025/Software_Projects/AccuBooks/AccuBooks/node_modules/esbuild/lib/main.js:1739:17)
    at esbuildCommandAndArgs (/mnt/c/FidiMyProjects2025/Software_Projects/AccuBooks/AccuBooks/node_modules/esbuild/lib/main.js:1820:33)
    at ensureServiceIsRunning (/mnt/c/FidiMyProjects2025/Software_Projects/AccuBooks/AccuBooks/node_modules/esbuild/lib/main.js:1977:25)
    at transform (/mnt/c/FidiMyProjects2025/Software_Projects/AccuBooks/AccuBooks/node_modules/esbuild/lib/main.js:1878:37)
    at file:///mnt/c/FidiMyProjects2025/Software_Projects/AccuBooks/AccuBooks/node_modules/tsx/dist/index-7AaEi15b.mjs:14:2865
    at applyTransformers (file:///mnt/c/FidiMyProjects2025/Software_Projects/AccuBooks/AccuBooks/node_modules/tsx/dist/index-7AaEi15b.mjs:14:1266)
    at transform (file:///mnt/c/FidiMyProjects2025/Software_Projects/AccuBooks/AccuBooks/node_modules/tsx/dist/index-7AaEi15b.mjs:14:2812)
    at load (file:///mnt/c/FidiMyProjects2025/Software_Projects/AccuBooks/AccuBooks/node_modules/tsx/dist/esm/index.mjs?1770066230911:2:2348)
    at async nextLoad (node:internal/modules/esm/hooks:864:22)
    at async Hooks.load (node:internal/modules/esm/hooks:451:20)

Node.js v20.20.0
[31m[nodemon] app crashed - waiting for file changes before starting...[39m
