[2025-11-28T03:33:43.466Z] Starting Storybook auto-repair...
[2025-11-28T03:33:43.512Z] Found 33 story files to process
[2025-11-28T03:33:43.515Z] Adding default export to C:\FidiMyProjects2025\Software_Projects\AccuBooks\AccuBooks\client\src\components\accessibility\AccessibilityContext.stories.tsx...
[2025-11-28T03:33:43.520Z] ✅ Updated C:\FidiMyProjects2025\Software_Projects\AccuBooks\AccuBooks\client\src\components\accessibility\AccessibilityContext.stories.tsx
[2025-11-28T03:33:43.522Z] Adding default export to C:\FidiMyProjects2025\Software_Projects\AccuBooks\AccuBooks\client\src\components\accessibility\RealTimeAccessibilityMonitor.stories.tsx...
[2025-11-28T03:33:43.525Z] ✅ Updated C:\FidiMyProjects2025\Software_Projects\AccuBooks\AccuBooks\client\src\components\accessibility\RealTimeAccessibilityMonitor.stories.tsx
[2025-11-28T03:33:43.527Z] Adding default export to C:\FidiMyProjects2025\Software_Projects\AccuBooks\AccuBooks\client\src\components\accessibility\ScreenReaderEnhancements.stories.tsx...
[2025-11-28T03:33:43.529Z] ✅ Updated C:\FidiMyProjects2025\Software_Projects\AccuBooks\AccuBooks\client\src\components\accessibility\ScreenReaderEnhancements.stories.tsx
[2025-11-28T03:33:43.530Z] Adding default export to C:\FidiMyProjects2025\Software_Projects\AccuBooks\AccuBooks\client\src\components\accessibility\VisualModeEngine.stories.tsx...
[2025-11-28T03:33:43.532Z] ✅ Updated C:\FidiMyProjects2025\Software_Projects\AccuBooks\AccuBooks\client\src\components\accessibility\VisualModeEngine.stories.tsx
[2025-11-28T03:33:43.533Z] Adding default export to C:\FidiMyProjects2025\Software_Projects\AccuBooks\AccuBooks\client\src\components\accessibility\VoiceCommandEngine.stories.tsx...
[2025-11-28T03:33:43.535Z] ✅ Updated C:\FidiMyProjects2025\Software_Projects\AccuBooks\AccuBooks\client\src\components\accessibility\VoiceCommandEngine.stories.tsx
[2025-11-28T03:33:43.538Z] Adding default export to C:\FidiMyProjects2025\Software_Projects\AccuBooks\AccuBooks\client\src\components\accounts\AccountsTable.stories.tsx...
[2025-11-28T03:33:43.539Z] ✅ Updated C:\FidiMyProjects2025\Software_Projects\AccuBooks\AccuBooks\client\src\components\accounts\AccountsTable.stories.tsx
[2025-11-28T03:33:43.541Z] Adding default export to C:\FidiMyProjects2025\Software_Projects\AccuBooks\AccuBooks\client\src\components\adaptive\AdaptiveLayoutEngine.stories.tsx...
[2025-11-28T03:33:43.543Z] ✅ Updated C:\FidiMyProjects2025\Software_Projects\AccuBooks\AccuBooks\client\src\components\adaptive\AdaptiveLayoutEngine.stories.tsx
[2025-11-28T03:33:43.545Z] Adding default export to C:\FidiMyProjects2025\Software_Projects\AccuBooks\AccuBooks\client\src\components\adaptive\DashboardComponents.stories.tsx...
[2025-11-28T03:33:43.548Z] ✅ Updated C:\FidiMyProjects2025\Software_Projects\AccuBooks\AccuBooks\client\src\components\adaptive\DashboardComponents.stories.tsx
[2025-11-28T03:33:43.550Z] Adding default export to C:\FidiMyProjects2025\Software_Projects\AccuBooks\AccuBooks\client\src\components\adaptive\NotificationSystem.stories.tsx...
[2025-11-28T03:33:43.552Z] ✅ Updated C:\FidiMyProjects2025\Software_Projects\AccuBooks\AccuBooks\client\src\components\adaptive\NotificationSystem.stories.tsx
[2025-11-28T03:33:43.554Z] Adding default export to C:\FidiMyProjects2025\Software_Projects\AccuBooks\AccuBooks\client\src\components\adaptive\UserExperienceMode.stories.tsx...
[2025-11-28T03:33:43.556Z] ✅ Updated C:\FidiMyProjects2025\Software_Projects\AccuBooks\AccuBooks\client\src\components\adaptive\UserExperienceMode.stories.tsx
[2025-11-28T03:33:43.558Z] Adding default export to C:\FidiMyProjects2025\Software_Projects\AccuBooks\AccuBooks\client\src\components\ErrorBoundary.stories.tsx...
[2025-11-28T03:33:43.560Z] ✅ Updated C:\FidiMyProjects2025\Software_Projects\AccuBooks\AccuBooks\client\src\components\ErrorBoundary.stories.tsx
[2025-11-28T03:33:43.561Z] Adding default export to C:\FidiMyProjects2025\Software_Projects\AccuBooks\AccuBooks\client\src\components\forms\ReportForm.stories.tsx...
[2025-11-28T03:33:43.563Z] ✅ Updated C:\FidiMyProjects2025\Software_Projects\AccuBooks\AccuBooks\client\src\components\forms\ReportForm.stories.tsx
[2025-11-28T03:33:43.565Z] Adding default export to C:\FidiMyProjects2025\Software_Projects\AccuBooks\AccuBooks\client\src\components\Layout.stories.tsx...
[2025-11-28T03:33:43.566Z] ✅ Updated C:\FidiMyProjects2025\Software_Projects\AccuBooks\AccuBooks\client\src\components\Layout.stories.tsx
[2025-11-28T03:33:43.568Z] Adding default export to C:\FidiMyProjects2025\Software_Projects\AccuBooks\AccuBooks\client\src\components\ProtectedRoute.stories.tsx...
[2025-11-28T03:33:43.570Z] ✅ Updated C:\FidiMyProjects2025\Software_Projects\AccuBooks\AccuBooks\client\src\components\ProtectedRoute.stories.tsx
[2025-11-28T03:33:43.571Z] Adding default export to C:\FidiMyProjects2025\Software_Projects\AccuBooks\AccuBooks\client\src\components\reports\ReportList.stories.tsx...
[2025-11-28T03:33:43.573Z] ✅ Updated C:\FidiMyProjects2025\Software_Projects\AccuBooks\AccuBooks\client\src\components\reports\ReportList.stories.tsx
[2025-11-28T03:33:43.574Z] Adding default export to C:\FidiMyProjects2025\Software_Projects\AccuBooks\AccuBooks\client\src\components\reports\ReportView.stories.tsx...
[2025-11-28T03:33:43.576Z] ✅ Updated C:\FidiMyProjects2025\Software_Projects\AccuBooks\AccuBooks\client\src\components\reports\ReportView.stories.tsx
[2025-11-28T03:33:43.577Z] Adding default export to C:\FidiMyProjects2025\Software_Projects\AccuBooks\AccuBooks\client\src\components\ThemeProvider.stories.tsx...
[2025-11-28T03:33:43.579Z] ✅ Updated C:\FidiMyProjects2025\Software_Projects\AccuBooks\AccuBooks\client\src\components\ThemeProvider.stories.tsx
[2025-11-28T03:33:43.580Z] Adding default export to C:\FidiMyProjects2025\Software_Projects\AccuBooks\AccuBooks\client\src\components\ToastContainer.stories.tsx...
[2025-11-28T03:33:43.582Z] ✅ Updated C:\FidiMyProjects2025\Software_Projects\AccuBooks\AccuBooks\client\src\components\ToastContainer.stories.tsx
[2025-11-28T03:33:43.583Z] Adding default export to C:\FidiMyProjects2025\Software_Projects\AccuBooks\AccuBooks\client\src\components\ui\accordion.stories.tsx...
[2025-11-28T03:33:43.586Z] ✅ Updated C:\FidiMyProjects2025\Software_Projects\AccuBooks\AccuBooks\client\src\components\ui\accordion.stories.tsx
[2025-11-28T03:33:43.588Z] Adding default export to C:\FidiMyProjects2025\Software_Projects\AccuBooks\AccuBooks\client\src\components\ui\alert.stories.tsx...
[2025-11-28T03:33:43.590Z] ✅ Updated C:\FidiMyProjects2025\Software_Projects\AccuBooks\AccuBooks\client\src\components\ui\alert.stories.tsx
[2025-11-28T03:33:43.591Z] Adding default export to C:\FidiMyProjects2025\Software_Projects\AccuBooks\AccuBooks\client\src\components\ui\avatar.stories.tsx...
[2025-11-28T03:33:43.593Z] ✅ Updated C:\FidiMyProjects2025\Software_Projects\AccuBooks\AccuBooks\client\src\components\ui\avatar.stories.tsx
[2025-11-28T03:33:43.594Z] Adding default export to C:\FidiMyProjects2025\Software_Projects\AccuBooks\AccuBooks\client\src\components\ui\badge.stories.tsx...
[2025-11-28T03:33:43.596Z] ✅ Updated C:\FidiMyProjects2025\Software_Projects\AccuBooks\AccuBooks\client\src\components\ui\badge.stories.tsx
[2025-11-28T03:33:43.597Z] Adding default export to C:\FidiMyProjects2025\Software_Projects\AccuBooks\AccuBooks\client\src\components\ui\button.stories.tsx...
[2025-11-28T03:33:43.599Z] ✅ Updated C:\FidiMyProjects2025\Software_Projects\AccuBooks\AccuBooks\client\src\components\ui\button.stories.tsx
[2025-11-28T03:33:43.600Z] Adding default export to C:\FidiMyProjects2025\Software_Projects\AccuBooks\AccuBooks\client\src\components\ui\card.stories.tsx...
[2025-11-28T03:33:43.602Z] ✅ Updated C:\FidiMyProjects2025\Software_Projects\AccuBooks\AccuBooks\client\src\components\ui\card.stories.tsx
[2025-11-28T03:33:43.603Z] Adding default export to C:\FidiMyProjects2025\Software_Projects\AccuBooks\AccuBooks\client\src\components\ui\checkbox.stories.tsx...
[2025-11-28T03:33:43.605Z] ✅ Updated C:\FidiMyProjects2025\Software_Projects\AccuBooks\AccuBooks\client\src\components\ui\checkbox.stories.tsx
[2025-11-28T03:33:43.607Z] Adding default export to C:\FidiMyProjects2025\Software_Projects\AccuBooks\AccuBooks\client\src\components\ui\DataTable.stories.tsx...
[2025-11-28T03:33:43.608Z] ✅ Updated C:\FidiMyProjects2025\Software_Projects\AccuBooks\AccuBooks\client\src\components\ui\DataTable.stories.tsx
[2025-11-28T03:33:43.609Z] Adding default export to C:\FidiMyProjects2025\Software_Projects\AccuBooks\AccuBooks\client\src\components\ui\dialog.stories.tsx...
[2025-11-28T03:33:43.611Z] ✅ Updated C:\FidiMyProjects2025\Software_Projects\AccuBooks\AccuBooks\client\src\components\ui\dialog.stories.tsx
[2025-11-28T03:33:43.611Z] Adding default export to C:\FidiMyProjects2025\Software_Projects\AccuBooks\AccuBooks\client\src\components\ui\dropdown-menu.stories.tsx...
[2025-11-28T03:33:43.613Z] ✅ Updated C:\FidiMyProjects2025\Software_Projects\AccuBooks\AccuBooks\client\src\components\ui\dropdown-menu.stories.tsx
[2025-11-28T03:33:43.614Z] Adding default export to C:\FidiMyProjects2025\Software_Projects\AccuBooks\AccuBooks\client\src\components\ui\EnterpriseButton.stories.tsx...
[2025-11-28T03:33:43.615Z] ✅ Updated C:\FidiMyProjects2025\Software_Projects\AccuBooks\AccuBooks\client\src\components\ui\EnterpriseButton.stories.tsx
[2025-11-28T03:33:43.616Z] Adding default export to C:\FidiMyProjects2025\Software_Projects\AccuBooks\AccuBooks\client\src\components\ui\EnterpriseInput.stories.tsx...
[2025-11-28T03:33:43.618Z] ✅ Updated C:\FidiMyProjects2025\Software_Projects\AccuBooks\AccuBooks\client\src\components\ui\EnterpriseInput.stories.tsx
[2025-11-28T03:33:43.619Z] Adding default export to C:\FidiMyProjects2025\Software_Projects\AccuBooks\AccuBooks\client\src\components\ui\EnterpriseKPICard.stories.tsx...
[2025-11-28T03:33:43.620Z] ✅ Updated C:\FidiMyProjects2025\Software_Projects\AccuBooks\AccuBooks\client\src\components\ui\EnterpriseKPICard.stories.tsx
[2025-11-28T03:33:43.622Z] Adding default export to C:\FidiMyProjects2025\Software_Projects\AccuBooks\AccuBooks\client\src\components\ui\input.stories.tsx...
[2025-11-28T03:33:43.623Z] ✅ Updated C:\FidiMyProjects2025\Software_Projects\AccuBooks\AccuBooks\client\src\components\ui\input.stories.tsx
[2025-11-28T03:33:43.624Z] Adding default export to C:\FidiMyProjects2025\Software_Projects\AccuBooks\AccuBooks\client\src\components\ui\RichTextEditor.stories.tsx...
[2025-11-28T03:33:43.625Z] ✅ Updated C:\FidiMyProjects2025\Software_Projects\AccuBooks\AccuBooks\client\src\components\ui\RichTextEditor.stories.tsx
[2025-11-28T03:33:43.626Z] 
Auto-repair completed. Fixed 33 of 33 story files.
[2025-11-28T03:33:43.626Z] Please check the browser console for any remaining issues.
